{"/Users/ricardotrentin/Documents/2026/firewall-ai/frontend/app/layout.tsx": {"path":"/Users/ricardotrentin/Documents/2026/firewall-ai/frontend/app/layout.tsx","statementMap":{"0":{"start":{"line":15,"column":24},"end":{"line":15,"column":35}},"1":{"start":{"line":10,"column":13},"end":{"line":10,"column":21}},"2":{"start":{"line":2,"column":22},"end":{"line":2,"column":null}},"3":{"start":{"line":3,"column":7},"end":{"line":3,"column":null}},"4":{"start":{"line":4,"column":26},"end":{"line":4,"column":null}},"5":{"start":{"line":5,"column":24},"end":{"line":5,"column":null}},"6":{"start":{"line":6,"column":21},"end":{"line":6,"column":null}},"7":{"start":{"line":8,"column":14},"end":{"line":8,"column":null}},"8":{"start":{"line":10,"column":34},"end":{"line":13,"column":null}}},"fnMap":{"0":{"name":"RootLayout","decl":{"start":{"line":15,"column":24},"end":{"line":15,"column":35}},"loc":{"start":{"line":15,"column":78},"end":{"line":44,"column":1}}}},"branchMap":{},"s":{"0":0,"1":0,"2":0,"3":0,"4":0,"5":0,"6":0,"7":0,"8":0},"f":{"0":0},"b":{}}
,"/Users/ricardotrentin/Documents/2026/firewall-ai/frontend/app/page.tsx": {"path":"/Users/ricardotrentin/Documents/2026/firewall-ai/frontend/app/page.tsx","statementMap":{"0":{"start":{"line":9,"column":24},"end":{"line":9,"column":null}},"1":{"start":{"line":1,"column":35},"end":{"line":1,"column":null}},"2":{"start":{"line":2,"column":29},"end":{"line":2,"column":null}},"3":{"start":{"line":3,"column":34},"end":{"line":3,"column":null}},"4":{"start":{"line":4,"column":21},"end":{"line":4,"column":null}},"5":{"start":{"line":7,"column":57},"end":{"line":7,"column":null}}},"fnMap":{"0":{"name":"Home","decl":{"start":{"line":9,"column":24},"end":{"line":9,"column":null}},"loc":{"start":{"line":9,"column":24},"end":{"line":33,"column":null}}}},"branchMap":{},"s":{"0":0,"1":0,"2":0,"3":0,"4":0,"5":0},"f":{"0":0},"b":{}}
,"/Users/ricardotrentin/Documents/2026/firewall-ai/frontend/components/AuditResults.tsx": {"path":"/Users/ricardotrentin/Documents/2026/firewall-ai/frontend/components/AuditResults.tsx","statementMap":{"0":{"start":{"line":17,"column":16},"end":{"line":17,"column":29}},"1":{"start":{"line":3,"column":18},"end":{"line":3,"column":null}},"2":{"start":{"line":4,"column":74},"end":{"line":4,"column":null}},"3":{"start":{"line":5,"column":22},"end":{"line":5,"column":null}},"4":{"start":{"line":6,"column":23},"end":{"line":6,"column":null}},"5":{"start":{"line":7,"column":27},"end":{"line":7,"column":null}},"6":{"start":{"line":9,"column":40},"end":{"line":9,"column":null}},"7":{"start":{"line":10,"column":87},"end":{"line":10,"column":null}},"8":{"start":{"line":18,"column":26},"end":{"line":25,"column":null}},"9":{"start":{"line":19,"column":4},"end":{"line":24,"column":null}},"10":{"start":{"line":27,"column":27},"end":{"line":34,"column":null}},"11":{"start":{"line":28,"column":4},"end":{"line":33,"column":null}},"12":{"start":{"line":29,"column":19},"end":{"line":29,"column":null}},"13":{"start":{"line":30,"column":21},"end":{"line":30,"column":null}},"14":{"start":{"line":31,"column":18},"end":{"line":31,"column":null}},"15":{"start":{"line":32,"column":15},"end":{"line":32,"column":null}},"16":{"start":{"line":36,"column":25},"end":{"line":41,"column":null}},"17":{"start":{"line":37,"column":4},"end":{"line":37,"column":null}},"18":{"start":{"line":37,"column":22},"end":{"line":37,"column":null}},"19":{"start":{"line":38,"column":20},"end":{"line":38,"column":null}},"20":{"start":{"line":39,"column":29},"end":{"line":39,"column":null}},"21":{"start":{"line":40,"column":4},"end":{"line":40,"column":null}},"22":{"start":{"line":63,"column":97},"end":{"line":63,"column":144}},"23":{"start":{"line":94,"column":18},"end":{"line":94,"column":35}},"24":{"start":{"line":122,"column":37},"end":{"line":122,"column":84}},"25":{"start":{"line":136,"column":47},"end":{"line":136,"column":94}},"26":{"start":{"line":137,"column":18},"end":{"line":137,"column":null}},"27":{"start":{"line":170,"column":18},"end":{"line":170,"column":35}},"28":{"start":{"line":226,"column":18},"end":{"line":226,"column":35}}},"fnMap":{"0":{"name":"AuditResults","decl":{"start":{"line":17,"column":16},"end":{"line":17,"column":29}},"loc":{"start":{"line":17,"column":58},"end":{"line":264,"column":null}}},"1":{"name":"(anonymous_3)","decl":{"start":{"line":18,"column":26},"end":{"line":18,"column":27}},"loc":{"start":{"line":18,"column":27},"end":{"line":25,"column":null}}},"2":{"name":"(anonymous_4)","decl":{"start":{"line":27,"column":27},"end":{"line":27,"column":28}},"loc":{"start":{"line":27,"column":28},"end":{"line":34,"column":null}}},"3":{"name":"(anonymous_5)","decl":{"start":{"line":36,"column":25},"end":{"line":36,"column":26}},"loc":{"start":{"line":36,"column":26},"end":{"line":41,"column":null}}},"4":{"name":"(anonymous_6)","decl":{"start":{"line":63,"column":92},"end":{"line":63,"column":97}},"loc":{"start":{"line":63,"column":97},"end":{"line":63,"column":144}}},"5":{"name":"(anonymous_7)","decl":{"start":{"line":93,"column":39},"end":{"line":93,"column":40}},"loc":{"start":{"line":94,"column":18},"end":{"line":94,"column":35}}},"6":{"name":"(anonymous_8)","decl":{"start":{"line":122,"column":32},"end":{"line":122,"column":37}},"loc":{"start":{"line":122,"column":37},"end":{"line":122,"column":84}}},"7":{"name":"(anonymous_9)","decl":{"start":{"line":136,"column":42},"end":{"line":136,"column":47}},"loc":{"start":{"line":136,"column":47},"end":{"line":136,"column":94}}},"8":{"name":"(anonymous_10)","decl":{"start":{"line":136,"column":98},"end":{"line":136,"column":99}},"loc":{"start":{"line":137,"column":18},"end":{"line":137,"column":null}}},"9":{"name":"(anonymous_11)","decl":{"start":{"line":169,"column":49},"end":{"line":169,"column":50}},"loc":{"start":{"line":170,"column":18},"end":{"line":170,"column":35}}},"10":{"name":"(anonymous_12)","decl":{"start":{"line":225,"column":43},"end":{"line":225,"column":44}},"loc":{"start":{"line":226,"column":18},"end":{"line":226,"column":35}}}},"branchMap":{"0":{"loc":{"start":{"line":28,"column":4},"end":{"line":33,"column":null}},"type":"switch","locations":[{"start":{"line":29,"column":6},"end":{"line":29,"column":null}},{"start":{"line":30,"column":6},"end":{"line":30,"column":null}},{"start":{"line":31,"column":6},"end":{"line":31,"column":null}},{"start":{"line":32,"column":6},"end":{"line":32,"column":null}}]},"1":{"loc":{"start":{"line":37,"column":4},"end":{"line":37,"column":null}},"type":"if","locations":[{"start":{"line":37,"column":4},"end":{"line":37,"column":null}}]},"2":{"loc":{"start":{"line":63,"column":97},"end":{"line":63,"column":144}},"type":"binary-expr","locations":[{"start":{"line":63,"column":97},"end":{"line":63,"column":121}},{"start":{"line":63,"column":121},"end":{"line":63,"column":144}}]},"3":{"loc":{"start":{"line":79,"column":7},"end":{"line":79,"column":null}},"type":"binary-expr","locations":[{"start":{"line":79,"column":7},"end":{"line":79,"column":null}}]},"4":{"loc":{"start":{"line":106,"column":25},"end":{"line":106,"column":41}},"type":"binary-expr","locations":[{"start":{"line":106,"column":25},"end":{"line":106,"column":41}}]},"5":{"loc":{"start":{"line":122,"column":7},"end":{"line":122,"column":null}},"type":"binary-expr","locations":[{"start":{"line":122,"column":7},"end":{"line":122,"column":null}}]},"6":{"loc":{"start":{"line":122,"column":37},"end":{"line":122,"column":84}},"type":"binary-expr","locations":[{"start":{"line":122,"column":37},"end":{"line":122,"column":61}},{"start":{"line":122,"column":61},"end":{"line":122,"column":84}}]},"7":{"loc":{"start":{"line":136,"column":47},"end":{"line":136,"column":94}},"type":"binary-expr","locations":[{"start":{"line":136,"column":47},"end":{"line":136,"column":71}},{"start":{"line":136,"column":71},"end":{"line":136,"column":94}}]},"8":{"loc":{"start":{"line":155,"column":7},"end":{"line":155,"column":null}},"type":"binary-expr","locations":[{"start":{"line":155,"column":7},"end":{"line":155,"column":null}}]},"9":{"loc":{"start":{"line":180,"column":25},"end":{"line":180,"column":43}},"type":"binary-expr","locations":[{"start":{"line":180,"column":25},"end":{"line":180,"column":43}}]},"10":{"loc":{"start":{"line":211,"column":7},"end":{"line":211,"column":28}},"type":"binary-expr","locations":[{"start":{"line":211,"column":7},"end":{"line":211,"column":28}},{"start":{"line":211,"column":32},"end":{"line":211,"column":null}}]},"11":{"loc":{"start":{"line":257,"column":46},"end":{"line":257,"column":null}},"type":"cond-expr","locations":[{"start":{"line":257,"column":62},"end":{"line":257,"column":70}},{"start":{"line":257,"column":70},"end":{"line":257,"column":null}}]}},"s":{"0":0,"1":0,"2":0,"3":0,"4":0,"5":0,"6":0,"7":0,"8":0,"9":0,"10":0,"11":0,"12":0,"13":0,"14":0,"15":0,"16":0,"17":0,"18":0,"19":0,"20":0,"21":0,"22":0,"23":0,"24":0,"25":0,"26":0,"27":0,"28":0},"f":{"0":0,"1":0,"2":0,"3":0,"4":0,"5":0,"6":0,"7":0,"8":0,"9":0,"10":0},"b":{"0":[0,0,0,0],"1":[0],"2":[0,0],"3":[0],"4":[0],"5":[0],"6":[0,0],"7":[0,0],"8":[0],"9":[0],"10":[0,0],"11":[0,0]}}
,"/Users/ricardotrentin/Documents/2026/firewall-ai/frontend/components/CacheStatsDisplay.tsx": {"path":"/Users/ricardotrentin/Documents/2026/firewall-ai/frontend/components/CacheStatsDisplay.tsx","statementMap":{"0":{"start":{"line":14,"column":16},"end":{"line":14,"column":34}},"1":{"start":{"line":3,"column":18},"end":{"line":3,"column":null}},"2":{"start":{"line":4,"column":23},"end":{"line":4,"column":null}},"3":{"start":{"line":5,"column":25},"end":{"line":5,"column":null}},"4":{"start":{"line":6,"column":53},"end":{"line":6,"column":null}},"5":{"start":{"line":15,"column":23},"end":{"line":15,"column":42}},"6":{"start":{"line":16,"column":24},"end":{"line":16,"column":44}},"7":{"start":{"line":18,"column":29},"end":{"line":18,"column":61}},"8":{"start":{"line":19,"column":30},"end":{"line":21,"column":null}},"9":{"start":{"line":22,"column":29},"end":{"line":22,"column":null}}},"fnMap":{"0":{"name":"CacheStatsDisplay","decl":{"start":{"line":14,"column":16},"end":{"line":14,"column":34}},"loc":{"start":{"line":14,"column":81},"end":{"line":149,"column":null}}}},"branchMap":{"0":{"loc":{"start":{"line":19,"column":30},"end":{"line":21,"column":null}},"type":"cond-expr","locations":[{"start":{"line":20,"column":6},"end":{"line":20,"column":null}},{"start":{"line":21,"column":6},"end":{"line":21,"column":null}}]},"1":{"loc":{"start":{"line":110,"column":59},"end":{"line":110,"column":null}},"type":"binary-expr","locations":[{"start":{"line":110,"column":59},"end":{"line":110,"column":83}},{"start":{"line":110,"column":87},"end":{"line":110,"column":null}}]}},"s":{"0":0,"1":0,"2":0,"3":0,"4":0,"5":0,"6":0,"7":0,"8":0,"9":0},"f":{"0":0},"b":{"0":[0,0],"1":[0,0]}}
,"/Users/ricardotrentin/Documents/2026/firewall-ai/frontend/components/DiffViewer.tsx": {"path":"/Users/ricardotrentin/Documents/2026/firewall-ai/frontend/components/DiffViewer.tsx","statementMap":{"0":{"start":{"line":15,"column":16},"end":{"line":15,"column":27}},"1":{"start":{"line":3,"column":41},"end":{"line":3,"column":null}},"2":{"start":{"line":4,"column":74},"end":{"line":4,"column":null}},"3":{"start":{"line":5,"column":23},"end":{"line":5,"column":null}},"4":{"start":{"line":6,"column":22},"end":{"line":6,"column":null}},"5":{"start":{"line":7,"column":27},"end":{"line":7,"column":null}},"6":{"start":{"line":8,"column":53},"end":{"line":8,"column":null}},"7":{"start":{"line":16,"column":20},"end":{"line":16,"column":null}},"8":{"start":{"line":17,"column":20},"end":{"line":17,"column":null}},"9":{"start":{"line":19,"column":2},"end":{"line":67,"column":null}},"10":{"start":{"line":21,"column":29},"end":{"line":21,"column":46}},"11":{"start":{"line":24,"column":4},"end":{"line":54,"column":null}},"12":{"start":{"line":25,"column":6},"end":{"line":53,"column":null}},"13":{"start":{"line":25,"column":6},"end":{"line":25,"column":30}},"14":{"start":{"line":26,"column":8},"end":{"line":26,"column":null}},"15":{"start":{"line":28,"column":8},"end":{"line":52,"column":null}},"16":{"start":{"line":30,"column":29},"end":{"line":42,"column":null}},"17":{"start":{"line":45,"column":34},"end":{"line":45,"column":null}},"18":{"start":{"line":46,"column":34},"end":{"line":46,"column":null}},"19":{"start":{"line":48,"column":10},"end":{"line":51,"column":null}},"20":{"start":{"line":56,"column":4},"end":{"line":66,"column":null}},"21":{"start":{"line":58,"column":6},"end":{"line":65,"column":null}},"22":{"start":{"line":59,"column":23},"end":{"line":60,"column":null}},"23":{"start":{"line":60,"column":10},"end":{"line":60,"column":null}},"24":{"start":{"line":62,"column":8},"end":{"line":64,"column":null}},"25":{"start":{"line":63,"column":10},"end":{"line":63,"column":null}},"26":{"start":{"line":69,"column":25},"end":{"line":73,"column":null}},"27":{"start":{"line":70,"column":4},"end":{"line":72,"column":null}},"28":{"start":{"line":71,"column":6},"end":{"line":71,"column":null}},"29":{"start":{"line":75,"column":29},"end":{"line":87,"column":null}},"30":{"start":{"line":76,"column":4},"end":{"line":86,"column":null}},"31":{"start":{"line":77,"column":19},"end":{"line":77,"column":null}},"32":{"start":{"line":78,"column":18},"end":{"line":78,"column":null}},"33":{"start":{"line":79,"column":16},"end":{"line":79,"column":null}},"34":{"start":{"line":80,"column":6},"end":{"line":80,"column":null}},"35":{"start":{"line":81,"column":6},"end":{"line":81,"column":null}},"36":{"start":{"line":82,"column":6},"end":{"line":82,"column":null}},"37":{"start":{"line":83,"column":6},"end":{"line":83,"column":null}},"38":{"start":{"line":84,"column":6},"end":{"line":84,"column":null}},"39":{"start":{"line":85,"column":6},"end":{"line":85,"column":null}},"40":{"start":{"line":89,"column":2},"end":{"line":97,"column":null}},"41":{"start":{"line":178,"column":18},"end":{"line":178,"column":35}}},"fnMap":{"0":{"name":"DiffViewer","decl":{"start":{"line":15,"column":16},"end":{"line":15,"column":27}},"loc":{"start":{"line":15,"column":54},"end":{"line":218,"column":null}}},"1":{"name":"(anonymous_5)","decl":{"start":{"line":19,"column":12},"end":{"line":19,"column":null}},"loc":{"start":{"line":19,"column":12},"end":{"line":67,"column":5}}},"2":{"name":"(anonymous_6)","decl":{"start":{"line":25,"column":6},"end":{"line":25,"column":13}},"loc":{"start":{"line":25,"column":6},"end":{"line":25,"column":30}}},"3":{"name":"(anonymous_7)","decl":{"start":{"line":25,"column":35},"end":{"line":25,"column":36}},"loc":{"start":{"line":25,"column":36},"end":{"line":53,"column":null}}},"4":{"name":"(anonymous_8)","decl":{"start":{"line":56,"column":11},"end":{"line":56,"column":null}},"loc":{"start":{"line":56,"column":11},"end":{"line":66,"column":null}}},"5":{"name":"(anonymous_9)","decl":{"start":{"line":59,"column":66},"end":{"line":59,"column":67}},"loc":{"start":{"line":60,"column":10},"end":{"line":60,"column":null}}},"6":{"name":"(anonymous_10)","decl":{"start":{"line":69,"column":25},"end":{"line":69,"column":null}},"loc":{"start":{"line":69,"column":25},"end":{"line":73,"column":null}}},"7":{"name":"(anonymous_11)","decl":{"start":{"line":75,"column":29},"end":{"line":75,"column":null}},"loc":{"start":{"line":75,"column":29},"end":{"line":87,"column":null}}},"8":{"name":"(anonymous_12)","decl":{"start":{"line":177,"column":49},"end":{"line":177,"column":50}},"loc":{"start":{"line":178,"column":18},"end":{"line":178,"column":35}}}},"branchMap":{"0":{"loc":{"start":{"line":24,"column":4},"end":{"line":54,"column":null}},"type":"if","locations":[{"start":{"line":24,"column":4},"end":{"line":54,"column":null}}]},"1":{"loc":{"start":{"line":24,"column":8},"end":{"line":24,"column":59}},"type":"binary-expr","locations":[{"start":{"line":24,"column":8},"end":{"line":24,"column":41}},{"start":{"line":24,"column":41},"end":{"line":24,"column":59}}]},"2":{"loc":{"start":{"line":28,"column":8},"end":{"line":52,"column":null}},"type":"if","locations":[{"start":{"line":28,"column":8},"end":{"line":52,"column":null}}]},"3":{"loc":{"start":{"line":28,"column":12},"end":{"line":28,"column":53}},"type":"binary-expr","locations":[{"start":{"line":28,"column":12},"end":{"line":28,"column":32}},{"start":{"line":28,"column":32},"end":{"line":28,"column":53}}]},"4":{"loc":{"start":{"line":45,"column":34},"end":{"line":45,"column":null}},"type":"binary-expr","locations":[{"start":{"line":45,"column":34},"end":{"line":45,"column":64}},{"start":{"line":45,"column":68},"end":{"line":45,"column":null}}]},"5":{"loc":{"start":{"line":46,"column":34},"end":{"line":46,"column":null}},"type":"binary-expr","locations":[{"start":{"line":46,"column":34},"end":{"line":46,"column":64}},{"start":{"line":46,"column":68},"end":{"line":46,"column":null}}]},"6":{"loc":{"start":{"line":58,"column":6},"end":{"line":65,"column":null}},"type":"if","locations":[{"start":{"line":58,"column":6},"end":{"line":65,"column":null}}]},"7":{"loc":{"start":{"line":58,"column":10},"end":{"line":58,"column":49}},"type":"binary-expr","locations":[{"start":{"line":58,"column":10},"end":{"line":58,"column":27}},{"start":{"line":58,"column":31},"end":{"line":58,"column":49}}]},"8":{"loc":{"start":{"line":62,"column":8},"end":{"line":64,"column":null}},"type":"if","locations":[{"start":{"line":62,"column":8},"end":{"line":64,"column":null}}]},"9":{"loc":{"start":{"line":70,"column":4},"end":{"line":72,"column":null}},"type":"if","locations":[{"start":{"line":70,"column":4},"end":{"line":72,"column":null}}]},"10":{"loc":{"start":{"line":76,"column":4},"end":{"line":86,"column":null}},"type":"if","locations":[{"start":{"line":76,"column":4},"end":{"line":86,"column":null}}]},"11":{"loc":{"start":{"line":89,"column":2},"end":{"line":97,"column":null}},"type":"if","locations":[{"start":{"line":89,"column":2},"end":{"line":97,"column":null}}]},"12":{"loc":{"start":{"line":129,"column":60},"end":{"line":129,"column":null}},"type":"binary-expr","locations":[{"start":{"line":129,"column":60},"end":{"line":129,"column":91}},{"start":{"line":129,"column":95},"end":{"line":129,"column":null}}]},"13":{"loc":{"start":{"line":133,"column":58},"end":{"line":133,"column":null}},"type":"binary-expr","locations":[{"start":{"line":133,"column":58},"end":{"line":133,"column":89}},{"start":{"line":133,"column":93},"end":{"line":133,"column":null}}]},"14":{"loc":{"start":{"line":137,"column":58},"end":{"line":137,"column":null}},"type":"binary-expr","locations":[{"start":{"line":137,"column":58},"end":{"line":137,"column":93}},{"start":{"line":137,"column":97},"end":{"line":137,"column":null}}]},"15":{"loc":{"start":{"line":166,"column":7},"end":{"line":166,"column":34}},"type":"binary-expr","locations":[{"start":{"line":166,"column":7},"end":{"line":166,"column":34}},{"start":{"line":166,"column":38},"end":{"line":166,"column":null}}]}},"s":{"0":0,"1":0,"2":0,"3":0,"4":0,"5":0,"6":0,"7":0,"8":0,"9":0,"10":0,"11":0,"12":0,"13":0,"14":0,"15":0,"16":0,"17":0,"18":0,"19":0,"20":0,"21":0,"22":0,"23":0,"24":0,"25":0,"26":0,"27":0,"28":0,"29":0,"30":0,"31":0,"32":0,"33":0,"34":0,"35":0,"36":0,"37":0,"38":0,"39":0,"40":0,"41":0},"f":{"0":0,"1":0,"2":0,"3":0,"4":0,"5":0,"6":0,"7":0,"8":0},"b":{"0":[0],"1":[0,0],"2":[0],"3":[0,0],"4":[0,0],"5":[0,0],"6":[0],"7":[0,0],"8":[0],"9":[0],"10":[0],"11":[0],"12":[0,0],"13":[0,0],"14":[0,0],"15":[0,0]}}
,"/Users/ricardotrentin/Documents/2026/firewall-ai/frontend/components/RuleFlowVisualization.tsx": {"path":"/Users/ricardotrentin/Documents/2026/firewall-ai/frontend/components/RuleFlowVisualization.tsx","statementMap":{"0":{"start":{"line":77,"column":16},"end":{"line":77,"column":38}},"1":{"start":{"line":3,"column":44},"end":{"line":3,"column":null}},"2":{"start":{"line":14,"column":7},"end":{"line":14,"column":null}},"3":{"start":{"line":15,"column":7},"end":{"line":15,"column":null}},"4":{"start":{"line":17,"column":22},"end":{"line":17,"column":null}},"5":{"start":{"line":18,"column":61},"end":{"line":18,"column":null}},"6":{"start":{"line":25,"column":19},"end":{"line":71,"column":null}},"7":{"start":{"line":26,"column":18},"end":{"line":41,"column":null}},"8":{"start":{"line":27,"column":4},"end":{"line":40,"column":null}},"9":{"start":{"line":73,"column":18},"end":{"line":75,"column":null}},"10":{"start":{"line":79,"column":41},"end":{"line":243,"column":null}},"11":{"start":{"line":80,"column":26},"end":{"line":80,"column":28}},"12":{"start":{"line":81,"column":26},"end":{"line":81,"column":28}},"13":{"start":{"line":83,"column":4},"end":{"line":85,"column":null}},"14":{"start":{"line":84,"column":6},"end":{"line":84,"column":null}},"15":{"start":{"line":88,"column":25},"end":{"line":88,"column":null}},"16":{"start":{"line":88,"column":43},"end":{"line":88,"column":null}},"17":{"start":{"line":89,"column":24},"end":{"line":89,"column":null}},"18":{"start":{"line":89,"column":42},"end":{"line":89,"column":null}},"19":{"start":{"line":92,"column":25},"end":{"line":92,"column":null}},"20":{"start":{"line":93,"column":4},"end":{"line":101,"column":null}},"21":{"start":{"line":94,"column":22},"end":{"line":94,"column":null}},"22":{"start":{"line":95,"column":6},"end":{"line":100,"column":null}},"23":{"start":{"line":96,"column":8},"end":{"line":98,"column":null}},"24":{"start":{"line":97,"column":10},"end":{"line":97,"column":null}},"25":{"start":{"line":99,"column":8},"end":{"line":99,"column":null}},"26":{"start":{"line":103,"column":20},"end":{"line":103,"column":null}},"27":{"start":{"line":104,"column":36},"end":{"line":104,"column":38}},"28":{"start":{"line":106,"column":4},"end":{"line":127,"column":null}},"29":{"start":{"line":107,"column":21},"end":{"line":107,"column":36}},"30":{"start":{"line":108,"column":6},"end":{"line":108,"column":null}},"31":{"start":{"line":110,"column":25},"end":{"line":110,"column":null}},"32":{"start":{"line":111,"column":23},"end":{"line":112,"column":null}},"33":{"start":{"line":114,"column":6},"end":{"line":124,"column":null}},"34":{"start":{"line":126,"column":6},"end":{"line":126,"column":null}},"35":{"start":{"line":130,"column":21},"end":{"line":130,"column":null}},"36":{"start":{"line":131,"column":19},"end":{"line":131,"column":null}},"37":{"start":{"line":133,"column":4},"end":{"line":152,"column":null}},"38":{"start":{"line":134,"column":25},"end":{"line":134,"column":42}},"39":{"start":{"line":136,"column":6},"end":{"line":149,"column":null}},"40":{"start":{"line":151,"column":6},"end":{"line":151,"column":null}},"41":{"start":{"line":155,"column":23},"end":{"line":155,"column":null}},"42":{"start":{"line":156,"column":4},"end":{"line":164,"column":null}},"43":{"start":{"line":157,"column":27},"end":{"line":157,"column":null}},"44":{"start":{"line":158,"column":6},"end":{"line":163,"column":null}},"45":{"start":{"line":159,"column":8},"end":{"line":161,"column":null}},"46":{"start":{"line":160,"column":10},"end":{"line":160,"column":null}},"47":{"start":{"line":162,"column":8},"end":{"line":162,"column":null}},"48":{"start":{"line":166,"column":4},"end":{"line":166,"column":null}},"49":{"start":{"line":167,"column":34},"end":{"line":167,"column":36}},"50":{"start":{"line":169,"column":4},"end":{"line":190,"column":null}},"51":{"start":{"line":170,"column":21},"end":{"line":170,"column":34}},"52":{"start":{"line":171,"column":6},"end":{"line":171,"column":null}},"53":{"start":{"line":173,"column":25},"end":{"line":173,"column":null}},"54":{"start":{"line":174,"column":23},"end":{"line":175,"column":null}},"55":{"start":{"line":177,"column":6},"end":{"line":187,"column":null}},"56":{"start":{"line":189,"column":6},"end":{"line":189,"column":null}},"57":{"start":{"line":193,"column":4},"end":{"line":240,"column":null}},"58":{"start":{"line":194,"column":25},"end":{"line":194,"column":42}},"59":{"start":{"line":195,"column":22},"end":{"line":195,"column":null}},"60":{"start":{"line":197,"column":6},"end":{"line":216,"column":null}},"61":{"start":{"line":198,"column":26},"end":{"line":198,"column":null}},"62":{"start":{"line":199,"column":8},"end":{"line":215,"column":null}},"63":{"start":{"line":200,"column":10},"end":{"line":214,"column":null}},"64":{"start":{"line":219,"column":27},"end":{"line":219,"column":null}},"65":{"start":{"line":220,"column":6},"end":{"line":239,"column":null}},"66":{"start":{"line":221,"column":24},"end":{"line":221,"column":null}},"67":{"start":{"line":222,"column":8},"end":{"line":238,"column":null}},"68":{"start":{"line":223,"column":10},"end":{"line":237,"column":null}},"69":{"start":{"line":242,"column":4},"end":{"line":242,"column":null}},"70":{"start":{"line":245,"column":43},"end":{"line":245,"column":null}},"71":{"start":{"line":246,"column":43},"end":{"line":246,"column":null}},"72":{"start":{"line":248,"column":2},"end":{"line":258,"column":null}}},"fnMap":{"0":{"name":"(anonymous_4)","decl":{"start":{"line":25,"column":19},"end":{"line":25,"column":20}},"loc":{"start":{"line":25,"column":43},"end":{"line":71,"column":null}}},"1":{"name":"(anonymous_5)","decl":{"start":{"line":26,"column":18},"end":{"line":26,"column":null}},"loc":{"start":{"line":26,"column":18},"end":{"line":41,"column":null}}},"2":{"name":"RuleFlowVisualization","decl":{"start":{"line":77,"column":16},"end":{"line":77,"column":38}},"loc":{"start":{"line":77,"column":75},"end":{"line":277,"column":null}}},"3":{"name":"(anonymous_7)","decl":{"start":{"line":79,"column":49},"end":{"line":79,"column":null}},"loc":{"start":{"line":79,"column":49},"end":{"line":243,"column":5}}},"4":{"name":"(anonymous_8)","decl":{"start":{"line":88,"column":38},"end":{"line":88,"column":43}},"loc":{"start":{"line":88,"column":43},"end":{"line":88,"column":null}}},"5":{"name":"(anonymous_9)","decl":{"start":{"line":89,"column":37},"end":{"line":89,"column":42}},"loc":{"start":{"line":89,"column":42},"end":{"line":89,"column":null}}},"6":{"name":"(anonymous_10)","decl":{"start":{"line":93,"column":18},"end":{"line":93,"column":null}},"loc":{"start":{"line":93,"column":18},"end":{"line":101,"column":null}}},"7":{"name":"(anonymous_11)","decl":{"start":{"line":95,"column":22},"end":{"line":95,"column":null}},"loc":{"start":{"line":95,"column":22},"end":{"line":100,"column":null}}},"8":{"name":"(anonymous_12)","decl":{"start":{"line":106,"column":44},"end":{"line":106,"column":45}},"loc":{"start":{"line":106,"column":53},"end":{"line":127,"column":null}}},"9":{"name":"(anonymous_13)","decl":{"start":{"line":133,"column":18},"end":{"line":133,"column":19}},"loc":{"start":{"line":133,"column":25},"end":{"line":152,"column":null}}},"10":{"name":"(anonymous_14)","decl":{"start":{"line":156,"column":18},"end":{"line":156,"column":null}},"loc":{"start":{"line":156,"column":18},"end":{"line":164,"column":null}}},"11":{"name":"(anonymous_15)","decl":{"start":{"line":158,"column":27},"end":{"line":158,"column":null}},"loc":{"start":{"line":158,"column":27},"end":{"line":163,"column":null}}},"12":{"name":"(anonymous_16)","decl":{"start":{"line":169,"column":42},"end":{"line":169,"column":43}},"loc":{"start":{"line":169,"column":49},"end":{"line":190,"column":null}}},"13":{"name":"(anonymous_17)","decl":{"start":{"line":193,"column":18},"end":{"line":193,"column":19}},"loc":{"start":{"line":193,"column":25},"end":{"line":240,"column":null}}},"14":{"name":"(anonymous_18)","decl":{"start":{"line":197,"column":22},"end":{"line":197,"column":null}},"loc":{"start":{"line":197,"column":22},"end":{"line":216,"column":null}}},"15":{"name":"(anonymous_19)","decl":{"start":{"line":220,"column":27},"end":{"line":220,"column":null}},"loc":{"start":{"line":220,"column":27},"end":{"line":239,"column":null}}}},"branchMap":{"0":{"loc":{"start":{"line":36,"column":10},"end":{"line":37,"column":11}},"type":"cond-expr","locations":[{"start":{"line":36,"column":10},"end":{"line":37,"column":11}}]},"1":{"loc":{"start":{"line":45,"column":6},"end":{"line":47,"column":null}},"type":"cond-expr","locations":[{"start":{"line":46,"column":10},"end":{"line":46,"column":null}},{"start":{"line":47,"column":10},"end":{"line":47,"column":null}}]},"2":{"loc":{"start":{"line":53,"column":7},"end":{"line":53,"column":20}},"type":"binary-expr","locations":[{"start":{"line":53,"column":7},"end":{"line":53,"column":20}}]},"3":{"loc":{"start":{"line":56,"column":7},"end":{"line":56,"column":18}},"type":"binary-expr","locations":[{"start":{"line":56,"column":7},"end":{"line":56,"column":18}}]},"4":{"loc":{"start":{"line":58,"column":19},"end":{"line":58,"column":null}},"type":"cond-expr","locations":[{"start":{"line":58,"column":45},"end":{"line":58,"column":57}},{"start":{"line":58,"column":57},"end":{"line":58,"column":null}}]},"5":{"loc":{"start":{"line":64,"column":7},"end":{"line":64,"column":21}},"type":"binary-expr","locations":[{"start":{"line":64,"column":7},"end":{"line":64,"column":21}},{"start":{"line":64,"column":25},"end":{"line":64,"column":null}}]},"6":{"loc":{"start":{"line":83,"column":4},"end":{"line":85,"column":null}},"type":"if","locations":[{"start":{"line":83,"column":4},"end":{"line":85,"column":null}}]},"7":{"loc":{"start":{"line":94,"column":22},"end":{"line":94,"column":null}},"type":"binary-expr","locations":[{"start":{"line":94,"column":22},"end":{"line":94,"column":40}},{"start":{"line":94,"column":44},"end":{"line":94,"column":null}}]},"8":{"loc":{"start":{"line":96,"column":8},"end":{"line":98,"column":null}},"type":"if","locations":[{"start":{"line":96,"column":8},"end":{"line":98,"column":null}}]},"9":{"loc":{"start":{"line":110,"column":25},"end":{"line":110,"column":null}},"type":"binary-expr","locations":[{"start":{"line":110,"column":25},"end":{"line":110,"column":45}},{"start":{"line":110,"column":45},"end":{"line":110,"column":71}},{"start":{"line":110,"column":71},"end":{"line":110,"column":null}}]},"10":{"loc":{"start":{"line":111,"column":23},"end":{"line":112,"column":null}},"type":"cond-expr","locations":[{"start":{"line":111,"column":36},"end":{"line":111,"column":null}},{"start":{"line":112,"column":22},"end":{"line":112,"column":null}}]},"11":{"loc":{"start":{"line":112,"column":22},"end":{"line":112,"column":null}},"type":"cond-expr","locations":[{"start":{"line":112,"column":53},"end":{"line":112,"column":67}},{"start":{"line":112,"column":67},"end":{"line":112,"column":null}}]},"12":{"loc":{"start":{"line":119,"column":17},"end":{"line":119,"column":null}},"type":"cond-expr","locations":[{"start":{"line":119,"column":30},"end":{"line":119,"column":50}},{"start":{"line":119,"column":50},"end":{"line":119,"column":null}}]},"13":{"loc":{"start":{"line":119,"column":50},"end":{"line":119,"column":null}},"type":"cond-expr","locations":[{"start":{"line":119,"column":81},"end":{"line":119,"column":98}},{"start":{"line":119,"column":98},"end":{"line":119,"column":null}}]},"14":{"loc":{"start":{"line":120,"column":20},"end":{"line":120,"column":null}},"type":"cond-expr","locations":[{"start":{"line":120,"column":39},"end":{"line":120,"column":56}},{"start":{"line":120,"column":56},"end":{"line":120,"column":null}}]},"15":{"loc":{"start":{"line":141,"column":17},"end":{"line":141,"column":47}},"type":"binary-expr","locations":[{"start":{"line":141,"column":17},"end":{"line":141,"column":26}},{"start":{"line":141,"column":30},"end":{"line":141,"column":47}}]},"16":{"loc":{"start":{"line":142,"column":20},"end":{"line":142,"column":76}},"type":"binary-expr","locations":[{"start":{"line":142,"column":20},"end":{"line":142,"column":36}},{"start":{"line":142,"column":40},"end":{"line":142,"column":76}}]},"17":{"loc":{"start":{"line":157,"column":27},"end":{"line":157,"column":null}},"type":"binary-expr","locations":[{"start":{"line":157,"column":27},"end":{"line":157,"column":50}},{"start":{"line":157,"column":54},"end":{"line":157,"column":null}}]},"18":{"loc":{"start":{"line":159,"column":8},"end":{"line":161,"column":null}},"type":"if","locations":[{"start":{"line":159,"column":8},"end":{"line":161,"column":null}}]},"19":{"loc":{"start":{"line":173,"column":25},"end":{"line":173,"column":null}},"type":"binary-expr","locations":[{"start":{"line":173,"column":25},"end":{"line":173,"column":43}},{"start":{"line":173,"column":43},"end":{"line":173,"column":67}},{"start":{"line":173,"column":67},"end":{"line":173,"column":null}}]},"20":{"loc":{"start":{"line":174,"column":23},"end":{"line":175,"column":null}},"type":"cond-expr","locations":[{"start":{"line":174,"column":36},"end":{"line":174,"column":null}},{"start":{"line":175,"column":22},"end":{"line":175,"column":null}}]},"21":{"loc":{"start":{"line":175,"column":22},"end":{"line":175,"column":null}},"type":"cond-expr","locations":[{"start":{"line":175,"column":51},"end":{"line":175,"column":65}},{"start":{"line":175,"column":65},"end":{"line":175,"column":null}}]},"22":{"loc":{"start":{"line":182,"column":17},"end":{"line":182,"column":null}},"type":"cond-expr","locations":[{"start":{"line":182,"column":30},"end":{"line":182,"column":50}},{"start":{"line":182,"column":50},"end":{"line":182,"column":null}}]},"23":{"loc":{"start":{"line":182,"column":50},"end":{"line":182,"column":null}},"type":"cond-expr","locations":[{"start":{"line":182,"column":79},"end":{"line":182,"column":96}},{"start":{"line":182,"column":96},"end":{"line":182,"column":null}}]},"24":{"loc":{"start":{"line":183,"column":20},"end":{"line":183,"column":null}},"type":"cond-expr","locations":[{"start":{"line":183,"column":37},"end":{"line":183,"column":54}},{"start":{"line":183,"column":54},"end":{"line":183,"column":null}}]},"25":{"loc":{"start":{"line":195,"column":22},"end":{"line":195,"column":null}},"type":"binary-expr","locations":[{"start":{"line":195,"column":22},"end":{"line":195,"column":40}},{"start":{"line":195,"column":44},"end":{"line":195,"column":null}}]},"26":{"loc":{"start":{"line":199,"column":8},"end":{"line":215,"column":null}},"type":"if","locations":[{"start":{"line":199,"column":8},"end":{"line":215,"column":null}}]},"27":{"loc":{"start":{"line":207,"column":22},"end":{"line":207,"column":null}},"type":"cond-expr","locations":[{"start":{"line":207,"column":48},"end":{"line":207,"column":60}},{"start":{"line":207,"column":60},"end":{"line":207,"column":null}}]},"28":{"loc":{"start":{"line":212,"column":21},"end":{"line":212,"column":null}},"type":"cond-expr","locations":[{"start":{"line":212,"column":47},"end":{"line":212,"column":59}},{"start":{"line":212,"column":59},"end":{"line":212,"column":null}}]},"29":{"loc":{"start":{"line":219,"column":27},"end":{"line":219,"column":null}},"type":"binary-expr","locations":[{"start":{"line":219,"column":27},"end":{"line":219,"column":50}},{"start":{"line":219,"column":54},"end":{"line":219,"column":null}}]},"30":{"loc":{"start":{"line":222,"column":8},"end":{"line":238,"column":null}},"type":"if","locations":[{"start":{"line":222,"column":8},"end":{"line":238,"column":null}}]},"31":{"loc":{"start":{"line":230,"column":22},"end":{"line":230,"column":null}},"type":"cond-expr","locations":[{"start":{"line":230,"column":48},"end":{"line":230,"column":60}},{"start":{"line":230,"column":60},"end":{"line":230,"column":null}}]},"32":{"loc":{"start":{"line":235,"column":21},"end":{"line":235,"column":null}},"type":"cond-expr","locations":[{"start":{"line":235,"column":47},"end":{"line":235,"column":59}},{"start":{"line":235,"column":59},"end":{"line":235,"column":null}}]},"33":{"loc":{"start":{"line":248,"column":2},"end":{"line":258,"column":null}},"type":"if","locations":[{"start":{"line":248,"column":2},"end":{"line":258,"column":null}}]}},"s":{"0":0,"1":0,"2":0,"3":0,"4":0,"5":0,"6":0,"7":0,"8":0,"9":0,"10":0,"11":0,"12":0,"13":0,"14":0,"15":0,"16":0,"17":0,"18":0,"19":0,"20":0,"21":0,"22":0,"23":0,"24":0,"25":0,"26":0,"27":0,"28":0,"29":0,"30":0,"31":0,"32":0,"33":0,"34":0,"35":0,"36":0,"37":0,"38":0,"39":0,"40":0,"41":0,"42":0,"43":0,"44":0,"45":0,"46":0,"47":0,"48":0,"49":0,"50":0,"51":0,"52":0,"53":0,"54":0,"55":0,"56":0,"57":0,"58":0,"59":0,"60":0,"61":0,"62":0,"63":0,"64":0,"65":0,"66":0,"67":0,"68":0,"69":0,"70":0,"71":0,"72":0},"f":{"0":0,"1":0,"2":0,"3":0,"4":0,"5":0,"6":0,"7":0,"8":0,"9":0,"10":0,"11":0,"12":0,"13":0,"14":0,"15":0},"b":{"0":[0],"1":[0,0],"2":[0],"3":[0],"4":[0,0],"5":[0,0],"6":[0],"7":[0,0],"8":[0],"9":[0,0,0],"10":[0,0],"11":[0,0],"12":[0,0],"13":[0,0],"14":[0,0],"15":[0,0],"16":[0,0],"17":[0,0],"18":[0],"19":[0,0,0],"20":[0,0],"21":[0,0],"22":[0,0],"23":[0,0],"24":[0,0],"25":[0,0],"26":[0],"27":[0,0],"28":[0,0],"29":[0,0],"30":[0],"31":[0,0],"32":[0,0],"33":[0]}}
,"/Users/ricardotrentin/Documents/2026/firewall-ai/frontend/components/RuleInputForm.tsx": {"path":"/Users/ricardotrentin/Documents/2026/firewall-ai/frontend/components/RuleInputForm.tsx","statementMap":{"0":{"start":{"line":19,"column":24},"end":{"line":19,"column":38}},"1":{"start":{"line":3,"column":32},"end":{"line":3,"column":null}},"2":{"start":{"line":4,"column":22},"end":{"line":4,"column":null}},"3":{"start":{"line":5,"column":23},"end":{"line":5,"column":null}},"4":{"start":{"line":6,"column":22},"end":{"line":6,"column":null}},"5":{"start":{"line":7,"column":25},"end":{"line":7,"column":null}},"6":{"start":{"line":8,"column":57},"end":{"line":8,"column":null}},"7":{"start":{"line":9,"column":52},"end":{"line":9,"column":null}},"8":{"start":{"line":10,"column":25},"end":{"line":10,"column":null}},"9":{"start":{"line":21,"column":26},"end":{"line":21,"column":null}},"10":{"start":{"line":22,"column":42},"end":{"line":22,"column":null}},"11":{"start":{"line":23,"column":52},"end":{"line":23,"column":null}},"12":{"start":{"line":24,"column":36},"end":{"line":24,"column":null}},"13":{"start":{"line":25,"column":28},"end":{"line":25,"column":null}},"14":{"start":{"line":26,"column":36},"end":{"line":26,"column":null}},"15":{"start":{"line":27,"column":30},"end":{"line":27,"column":null}},"16":{"start":{"line":30,"column":50},"end":{"line":30,"column":null}},"17":{"start":{"line":31,"column":44},"end":{"line":31,"column":null}},"18":{"start":{"line":32,"column":54},"end":{"line":32,"column":null}},"19":{"start":{"line":33,"column":42},"end":{"line":33,"column":null}},"20":{"start":{"line":34,"column":50},"end":{"line":34,"column":null}},"21":{"start":{"line":36,"column":28},"end":{"line":36,"column":null}},"22":{"start":{"line":38,"column":29},"end":{"line":76,"column":null}},"23":{"start":{"line":39,"column":4},"end":{"line":39,"column":null}},"24":{"start":{"line":40,"column":4},"end":{"line":43,"column":null}},"25":{"start":{"line":41,"column":6},"end":{"line":41,"column":null}},"26":{"start":{"line":42,"column":6},"end":{"line":42,"column":null}},"27":{"start":{"line":45,"column":31},"end":{"line":67,"column":null}},"28":{"start":{"line":53,"column":24},"end":{"line":53,"column":null}},"29":{"start":{"line":57,"column":24},"end":{"line":57,"column":null}},"30":{"start":{"line":61,"column":24},"end":{"line":61,"column":null}},"31":{"start":{"line":65,"column":24},"end":{"line":65,"column":null}},"32":{"start":{"line":69,"column":4},"end":{"line":69,"column":null}},"33":{"start":{"line":70,"column":4},"end":{"line":70,"column":null}},"34":{"start":{"line":71,"column":4},"end":{"line":71,"column":null}},"35":{"start":{"line":72,"column":4},"end":{"line":72,"column":null}},"36":{"start":{"line":73,"column":4},"end":{"line":73,"column":null}},"37":{"start":{"line":74,"column":4},"end":{"line":74,"column":null}},"38":{"start":{"line":75,"column":4},"end":{"line":75,"column":null}},"39":{"start":{"line":78,"column":34},"end":{"line":135,"column":null}},"40":{"start":{"line":79,"column":4},"end":{"line":82,"column":null}},"41":{"start":{"line":80,"column":6},"end":{"line":80,"column":null}},"42":{"start":{"line":81,"column":6},"end":{"line":81,"column":null}},"43":{"start":{"line":84,"column":4},"end":{"line":84,"column":null}},"44":{"start":{"line":85,"column":4},"end":{"line":85,"column":null}},"45":{"start":{"line":86,"column":4},"end":{"line":86,"column":null}},"46":{"start":{"line":88,"column":4},"end":{"line":134,"column":null}},"47":{"start":{"line":90,"column":6},"end":{"line":90,"column":null}},"48":{"start":{"line":91,"column":25},"end":{"line":91,"column":null}},"49":{"start":{"line":92,"column":6},"end":{"line":92,"column":null}},"50":{"start":{"line":93,"column":6},"end":{"line":93,"column":null}},"51":{"start":{"line":96,"column":6},"end":{"line":100,"column":null}},"52":{"start":{"line":97,"column":8},"end":{"line":97,"column":null}},"53":{"start":{"line":98,"column":8},"end":{"line":98,"column":null}},"54":{"start":{"line":99,"column":8},"end":{"line":99,"column":null}},"55":{"start":{"line":103,"column":6},"end":{"line":106,"column":null}},"56":{"start":{"line":105,"column":8},"end":{"line":105,"column":null}},"57":{"start":{"line":109,"column":20},"end":{"line":109,"column":null}},"58":{"start":{"line":111,"column":6},"end":{"line":115,"column":null}},"59":{"start":{"line":112,"column":8},"end":{"line":112,"column":null}},"60":{"start":{"line":113,"column":8},"end":{"line":113,"column":null}},"61":{"start":{"line":114,"column":8},"end":{"line":114,"column":null}},"62":{"start":{"line":118,"column":6},"end":{"line":122,"column":null}},"63":{"start":{"line":119,"column":8},"end":{"line":119,"column":null}},"64":{"start":{"line":121,"column":8},"end":{"line":121,"column":null}},"65":{"start":{"line":121,"column":30},"end":{"line":121,"column":null}},"66":{"start":{"line":125,"column":6},"end":{"line":125,"column":null}},"67":{"start":{"line":126,"column":6},"end":{"line":126,"column":null}},"68":{"start":{"line":127,"column":6},"end":{"line":127,"column":null}},"69":{"start":{"line":130,"column":6},"end":{"line":130,"column":null}},"70":{"start":{"line":132,"column":6},"end":{"line":132,"column":null}},"71":{"start":{"line":133,"column":6},"end":{"line":133,"column":null}},"72":{"start":{"line":137,"column":40},"end":{"line":167,"column":null}},"73":{"start":{"line":138,"column":4},"end":{"line":141,"column":null}},"74":{"start":{"line":139,"column":6},"end":{"line":139,"column":null}},"75":{"start":{"line":140,"column":6},"end":{"line":140,"column":null}},"76":{"start":{"line":143,"column":4},"end":{"line":143,"column":null}},"77":{"start":{"line":144,"column":4},"end":{"line":144,"column":null}},"78":{"start":{"line":146,"column":4},"end":{"line":166,"column":null}},"79":{"start":{"line":147,"column":20},"end":{"line":147,"column":null}},"80":{"start":{"line":149,"column":6},"end":{"line":152,"column":null}},"81":{"start":{"line":150,"column":8},"end":{"line":150,"column":null}},"82":{"start":{"line":151,"column":8},"end":{"line":151,"column":null}},"83":{"start":{"line":154,"column":6},"end":{"line":158,"column":null}},"84":{"start":{"line":155,"column":8},"end":{"line":155,"column":null}},"85":{"start":{"line":157,"column":8},"end":{"line":157,"column":null}},"86":{"start":{"line":157,"column":30},"end":{"line":157,"column":null}},"87":{"start":{"line":160,"column":6},"end":{"line":160,"column":null}},"88":{"start":{"line":161,"column":6},"end":{"line":161,"column":null}},"89":{"start":{"line":163,"column":6},"end":{"line":163,"column":null}},"90":{"start":{"line":165,"column":6},"end":{"line":165,"column":null}},"91":{"start":{"line":194,"column":29},"end":{"line":194,"column":null}},"92":{"start":{"line":203,"column":29},"end":{"line":203,"column":null}},"93":{"start":{"line":218,"column":29},"end":{"line":218,"column":null}},"94":{"start":{"line":227,"column":29},"end":{"line":227,"column":null}},"95":{"start":{"line":239,"column":29},"end":{"line":239,"column":null}},"96":{"start":{"line":248,"column":29},"end":{"line":248,"column":null}},"97":{"start":{"line":257,"column":29},"end":{"line":257,"column":null}},"98":{"start":{"line":282,"column":14},"end":{"line":282,"column":null}},"99":{"start":{"line":283,"column":14},"end":{"line":283,"column":null}},"100":{"start":{"line":284,"column":14},"end":{"line":284,"column":null}},"101":{"start":{"line":336,"column":20},"end":{"line":336,"column":35}},"102":{"start":{"line":350,"column":20},"end":{"line":350,"column":35}},"103":{"start":{"line":364,"column":20},"end":{"line":364,"column":35}},"104":{"start":{"line":399,"column":29},"end":{"line":399,"column":null}}},"fnMap":{"0":{"name":"RuleInputForm","decl":{"start":{"line":19,"column":24},"end":{"line":19,"column":38}},"loc":{"start":{"line":19,"column":101},"end":{"line":439,"column":null}}},"1":{"name":"(anonymous_5)","decl":{"start":{"line":38,"column":29},"end":{"line":38,"column":30}},"loc":{"start":{"line":38,"column":30},"end":{"line":76,"column":null}}},"2":{"name":"(anonymous_6)","decl":{"start":{"line":53,"column":13},"end":{"line":53,"column":14}},"loc":{"start":{"line":53,"column":24},"end":{"line":53,"column":null}}},"3":{"name":"(anonymous_7)","decl":{"start":{"line":57,"column":13},"end":{"line":57,"column":14}},"loc":{"start":{"line":57,"column":24},"end":{"line":57,"column":null}}},"4":{"name":"(anonymous_8)","decl":{"start":{"line":61,"column":13},"end":{"line":61,"column":14}},"loc":{"start":{"line":61,"column":24},"end":{"line":61,"column":null}}},"5":{"name":"(anonymous_9)","decl":{"start":{"line":65,"column":13},"end":{"line":65,"column":14}},"loc":{"start":{"line":65,"column":24},"end":{"line":65,"column":null}}},"6":{"name":"(anonymous_10)","decl":{"start":{"line":78,"column":34},"end":{"line":78,"column":null}},"loc":{"start":{"line":78,"column":34},"end":{"line":135,"column":null}}},"7":{"name":"(anonymous_11)","decl":{"start":{"line":121,"column":22},"end":{"line":121,"column":30}},"loc":{"start":{"line":121,"column":30},"end":{"line":121,"column":null}}},"8":{"name":"(anonymous_12)","decl":{"start":{"line":137,"column":40},"end":{"line":137,"column":null}},"loc":{"start":{"line":137,"column":40},"end":{"line":167,"column":null}}},"9":{"name":"(anonymous_13)","decl":{"start":{"line":157,"column":22},"end":{"line":157,"column":30}},"loc":{"start":{"line":157,"column":30},"end":{"line":157,"column":null}}},"10":{"name":"(anonymous_14)","decl":{"start":{"line":194,"column":22},"end":{"line":194,"column":23}},"loc":{"start":{"line":194,"column":29},"end":{"line":194,"column":null}}},"11":{"name":"(anonymous_15)","decl":{"start":{"line":203,"column":22},"end":{"line":203,"column":23}},"loc":{"start":{"line":203,"column":29},"end":{"line":203,"column":null}}},"12":{"name":"(anonymous_16)","decl":{"start":{"line":218,"column":22},"end":{"line":218,"column":23}},"loc":{"start":{"line":218,"column":29},"end":{"line":218,"column":null}}},"13":{"name":"(anonymous_17)","decl":{"start":{"line":227,"column":22},"end":{"line":227,"column":23}},"loc":{"start":{"line":227,"column":29},"end":{"line":227,"column":null}}},"14":{"name":"(anonymous_18)","decl":{"start":{"line":239,"column":22},"end":{"line":239,"column":23}},"loc":{"start":{"line":239,"column":29},"end":{"line":239,"column":null}}},"15":{"name":"(anonymous_19)","decl":{"start":{"line":248,"column":22},"end":{"line":248,"column":23}},"loc":{"start":{"line":248,"column":29},"end":{"line":248,"column":null}}},"16":{"name":"(anonymous_20)","decl":{"start":{"line":257,"column":22},"end":{"line":257,"column":23}},"loc":{"start":{"line":257,"column":29},"end":{"line":257,"column":null}}},"17":{"name":"(anonymous_21)","decl":{"start":{"line":281,"column":22},"end":{"line":281,"column":23}},"loc":{"start":{"line":281,"column":23},"end":{"line":285,"column":null}}},"18":{"name":"(anonymous_22)","decl":{"start":{"line":335,"column":54},"end":{"line":335,"column":55}},"loc":{"start":{"line":336,"column":20},"end":{"line":336,"column":35}}},"19":{"name":"(anonymous_23)","decl":{"start":{"line":349,"column":56},"end":{"line":349,"column":57}},"loc":{"start":{"line":350,"column":20},"end":{"line":350,"column":35}}},"20":{"name":"(anonymous_24)","decl":{"start":{"line":363,"column":56},"end":{"line":363,"column":57}},"loc":{"start":{"line":364,"column":20},"end":{"line":364,"column":35}}},"21":{"name":"(anonymous_25)","decl":{"start":{"line":399,"column":22},"end":{"line":399,"column":23}},"loc":{"start":{"line":399,"column":29},"end":{"line":399,"column":null}}}},"branchMap":{"0":{"loc":{"start":{"line":40,"column":4},"end":{"line":43,"column":null}},"type":"if","locations":[{"start":{"line":40,"column":4},"end":{"line":43,"column":null}}]},"1":{"loc":{"start":{"line":79,"column":4},"end":{"line":82,"column":null}},"type":"if","locations":[{"start":{"line":79,"column":4},"end":{"line":82,"column":null}}]},"2":{"loc":{"start":{"line":96,"column":6},"end":{"line":100,"column":null}},"type":"if","locations":[{"start":{"line":96,"column":6},"end":{"line":100,"column":null}}]},"3":{"loc":{"start":{"line":96,"column":10},"end":{"line":96,"column":75}},"type":"binary-expr","locations":[{"start":{"line":96,"column":10},"end":{"line":96,"column":34}},{"start":{"line":96,"column":38},"end":{"line":96,"column":75}}]},"4":{"loc":{"start":{"line":103,"column":6},"end":{"line":106,"column":null}},"type":"if","locations":[{"start":{"line":103,"column":6},"end":{"line":106,"column":null}}]},"5":{"loc":{"start":{"line":103,"column":10},"end":{"line":103,"column":79}},"type":"binary-expr","locations":[{"start":{"line":103,"column":10},"end":{"line":103,"column":36}},{"start":{"line":103,"column":40},"end":{"line":103,"column":79}}]},"6":{"loc":{"start":{"line":111,"column":6},"end":{"line":115,"column":null}},"type":"if","locations":[{"start":{"line":111,"column":6},"end":{"line":115,"column":null}}]},"7":{"loc":{"start":{"line":118,"column":6},"end":{"line":122,"column":null}},"type":"if","locations":[{"start":{"line":118,"column":6},"end":{"line":122,"column":null}},{"start":{"line":120,"column":13},"end":{"line":122,"column":null}}]},"8":{"loc":{"start":{"line":130,"column":15},"end":{"line":130,"column":null}},"type":"binary-expr","locations":[{"start":{"line":130,"column":15},"end":{"line":130,"column":26}},{"start":{"line":130,"column":30},"end":{"line":130,"column":null}}]},"9":{"loc":{"start":{"line":138,"column":4},"end":{"line":141,"column":null}},"type":"if","locations":[{"start":{"line":138,"column":4},"end":{"line":141,"column":null}}]},"10":{"loc":{"start":{"line":149,"column":6},"end":{"line":152,"column":null}},"type":"if","locations":[{"start":{"line":149,"column":6},"end":{"line":152,"column":null}}]},"11":{"loc":{"start":{"line":154,"column":6},"end":{"line":158,"column":null}},"type":"if","locations":[{"start":{"line":154,"column":6},"end":{"line":158,"column":null}},{"start":{"line":156,"column":13},"end":{"line":158,"column":null}}]},"12":{"loc":{"start":{"line":163,"column":15},"end":{"line":163,"column":null}},"type":"binary-expr","locations":[{"start":{"line":163,"column":15},"end":{"line":163,"column":26}},{"start":{"line":163,"column":30},"end":{"line":163,"column":null}}]},"13":{"loc":{"start":{"line":267,"column":7},"end":{"line":267,"column":16}},"type":"binary-expr","locations":[{"start":{"line":267,"column":7},"end":{"line":267,"column":16}}]},"14":{"loc":{"start":{"line":295,"column":10},"end":{"line":295,"column":26}},"type":"binary-expr","locations":[{"start":{"line":295,"column":10},"end":{"line":295,"column":26}},{"start":{"line":295,"column":26},"end":{"line":295,"column":43}}]},"15":{"loc":{"start":{"line":300,"column":17},"end":{"line":300,"column":null}},"type":"binary-expr","locations":[{"start":{"line":300,"column":17},"end":{"line":300,"column":33}},{"start":{"line":300,"column":33},"end":{"line":300,"column":56}},{"start":{"line":300,"column":56},"end":{"line":300,"column":null}}]},"16":{"loc":{"start":{"line":301,"column":17},"end":{"line":301,"column":null}},"type":"binary-expr","locations":[{"start":{"line":301,"column":17},"end":{"line":301,"column":39}},{"start":{"line":301,"column":39},"end":{"line":301,"column":56}},{"start":{"line":301,"column":56},"end":{"line":301,"column":null}}]},"17":{"loc":{"start":{"line":302,"column":17},"end":{"line":302,"column":null}},"type":"binary-expr","locations":[{"start":{"line":302,"column":17},"end":{"line":302,"column":33}},{"start":{"line":302,"column":33},"end":{"line":302,"column":55}},{"start":{"line":302,"column":55},"end":{"line":302,"column":null}}]},"18":{"loc":{"start":{"line":309,"column":9},"end":{"line":309,"column":29}},"type":"binary-expr","locations":[{"start":{"line":309,"column":9},"end":{"line":309,"column":29}},{"start":{"line":309,"column":29},"end":{"line":309,"column":null}}]},"19":{"loc":{"start":{"line":311,"column":12},"end":{"line":315,"column":null}},"type":"cond-expr","locations":[{"start":{"line":312,"column":16},"end":{"line":312,"column":null}},{"start":{"line":313,"column":16},"end":{"line":315,"column":null}}]},"20":{"loc":{"start":{"line":313,"column":16},"end":{"line":315,"column":null}},"type":"cond-expr","locations":[{"start":{"line":314,"column":18},"end":{"line":314,"column":null}},{"start":{"line":315,"column":18},"end":{"line":315,"column":null}}]},"21":{"loc":{"start":{"line":319,"column":17},"end":{"line":320,"column":null}},"type":"cond-expr","locations":[{"start":{"line":319,"column":62},"end":{"line":319,"column":null}},{"start":{"line":320,"column":17},"end":{"line":320,"column":null}}]},"22":{"loc":{"start":{"line":320,"column":17},"end":{"line":320,"column":null}},"type":"cond-expr","locations":[{"start":{"line":320,"column":64},"end":{"line":320,"column":71}},{"start":{"line":320,"column":71},"end":{"line":320,"column":null}}]},"23":{"loc":{"start":{"line":324,"column":19},"end":{"line":326,"column":null}},"type":"cond-expr","locations":[{"start":{"line":324,"column":64},"end":{"line":324,"column":null}},{"start":{"line":325,"column":19},"end":{"line":326,"column":null}}]},"24":{"loc":{"start":{"line":325,"column":19},"end":{"line":326,"column":null}},"type":"cond-expr","locations":[{"start":{"line":325,"column":66},"end":{"line":325,"column":null}},{"start":{"line":326,"column":19},"end":{"line":326,"column":null}}]},"25":{"loc":{"start":{"line":331,"column":13},"end":{"line":331,"column":null}},"type":"binary-expr","locations":[{"start":{"line":331,"column":13},"end":{"line":331,"column":null}}]},"26":{"loc":{"start":{"line":345,"column":13},"end":{"line":345,"column":61}},"type":"binary-expr","locations":[{"start":{"line":345,"column":13},"end":{"line":345,"column":61}},{"start":{"line":345,"column":61},"end":{"line":345,"column":null}}]},"27":{"loc":{"start":{"line":359,"column":13},"end":{"line":359,"column":null}},"type":"binary-expr","locations":[{"start":{"line":359,"column":13},"end":{"line":359,"column":null}}]},"28":{"loc":{"start":{"line":372,"column":9},"end":{"line":372,"column":18}},"type":"binary-expr","locations":[{"start":{"line":372,"column":9},"end":{"line":372,"column":18}}]},"29":{"loc":{"start":{"line":376,"column":20},"end":{"line":376,"column":null}},"type":"binary-expr","locations":[{"start":{"line":376,"column":20},"end":{"line":376,"column":42}},{"start":{"line":376,"column":42},"end":{"line":376,"column":58}},{"start":{"line":376,"column":58},"end":{"line":376,"column":null}}]},"30":{"loc":{"start":{"line":380,"column":12},"end":{"line":385,"column":null}},"type":"cond-expr","locations":[{"start":{"line":380,"column":12},"end":{"line":385,"column":null}}]},"31":{"loc":{"start":{"line":379,"column":11},"end":{"line":379,"column":null}},"type":"binary-expr","locations":[{"start":{"line":379,"column":11},"end":{"line":379,"column":33}},{"start":{"line":379,"column":33},"end":{"line":379,"column":null}}]},"32":{"loc":{"start":{"line":382,"column":15},"end":{"line":382,"column":null}},"type":"cond-expr","locations":[{"start":{"line":382,"column":30},"end":{"line":382,"column":48}},{"start":{"line":382,"column":48},"end":{"line":382,"column":null}}]},"33":{"loc":{"start":{"line":417,"column":9},"end":{"line":417,"column":18}},"type":"binary-expr","locations":[{"start":{"line":417,"column":9},"end":{"line":417,"column":18}}]},"34":{"loc":{"start":{"line":421,"column":20},"end":{"line":421,"column":null}},"type":"binary-expr","locations":[{"start":{"line":421,"column":20},"end":{"line":421,"column":42}},{"start":{"line":421,"column":42},"end":{"line":421,"column":null}}]},"35":{"loc":{"start":{"line":425,"column":12},"end":{"line":430,"column":null}},"type":"cond-expr","locations":[{"start":{"line":425,"column":12},"end":{"line":430,"column":null}}]}},"s":{"0":8,"1":1,"2":1,"3":1,"4":1,"5":1,"6":1,"7":1,"8":1,"9":110,"10":110,"11":110,"12":110,"13":110,"14":110,"15":110,"16":110,"17":110,"18":110,"19":110,"20":110,"21":110,"22":110,"23":2,"24":2,"25":1,"26":1,"27":1,"28":1,"29":1,"30":1,"31":2,"32":1,"33":1,"34":1,"35":1,"36":1,"37":1,"38":1,"39":110,"40":3,"41":0,"42":0,"43":3,"44":3,"45":3,"46":3,"47":3,"48":3,"49":3,"50":3,"51":3,"52":0,"53":0,"54":0,"55":3,"56":0,"57":3,"58":2,"59":0,"60":0,"61":0,"62":2,"63":2,"64":0,"65":0,"66":2,"67":2,"68":2,"69":1,"70":3,"71":3,"72":110,"73":0,"74":0,"75":0,"76":0,"77":0,"78":0,"79":0,"80":0,"81":0,"82":0,"83":0,"84":0,"85":0,"86":0,"87":0,"88":0,"89":0,"90":0,"91":9,"92":0,"93":0,"94":0,"95":0,"96":0,"97":0,"98":85,"99":85,"100":85,"101":0,"102":0,"103":0,"104":0},"f":{"0":110,"1":2,"2":1,"3":1,"4":1,"5":2,"6":3,"7":0,"8":0,"9":0,"10":9,"11":0,"12":0,"13":0,"14":0,"15":0,"16":0,"17":85,"18":0,"19":0,"20":0,"21":0},"b":{"0":[1],"1":[0],"2":[0],"3":[3,1],"4":[0],"5":[3,1],"6":[0],"7":[2,0],"8":[1,0],"9":[0],"10":[0],"11":[0,0],"12":[0,0],"13":[110],"14":[110,107],"15":[3,3,0],"16":[3,3,0],"17":[3,3,3],"18":[110,1],"19":[0,1],"20":[0,1],"21":[0,1],"22":[0,1],"23":[0,1],"24":[0,1],"25":[1],"26":[1,0],"27":[1],"28":[110],"29":[110,107,107],"30":[3],"31":[110,107],"32":[3,0],"33":[110],"34":[110,107],"35":[3]}}
,"/Users/ricardotrentin/Documents/2026/firewall-ai/frontend/components/admin-status-panel.tsx": {"path":"/Users/ricardotrentin/Documents/2026/firewall-ai/frontend/components/admin-status-panel.tsx","statementMap":{"0":{"start":{"line":15,"column":24},"end":{"line":15,"column":null}},"1":{"start":{"line":3,"column":43},"end":{"line":3,"column":null}},"2":{"start":{"line":4,"column":23},"end":{"line":4,"column":null}},"3":{"start":{"line":5,"column":22},"end":{"line":5,"column":null}},"4":{"start":{"line":6,"column":57},"end":{"line":6,"column":null}},"5":{"start":{"line":16,"column":30},"end":{"line":16,"column":null}},"6":{"start":{"line":17,"column":32},"end":{"line":17,"column":null}},"7":{"start":{"line":19,"column":21},"end":{"line":31,"column":null}},"8":{"start":{"line":20,"column":4},"end":{"line":20,"column":null}},"9":{"start":{"line":21,"column":4},"end":{"line":30,"column":null}},"10":{"start":{"line":22,"column":23},"end":{"line":22,"column":null}},"11":{"start":{"line":23,"column":6},"end":{"line":25,"column":null}},"12":{"start":{"line":24,"column":8},"end":{"line":24,"column":null}},"13":{"start":{"line":26,"column":19},"end":{"line":26,"column":null}},"14":{"start":{"line":27,"column":6},"end":{"line":27,"column":null}},"15":{"start":{"line":29,"column":6},"end":{"line":29,"column":null}},"16":{"start":{"line":33,"column":2},"end":{"line":35,"column":null}},"17":{"start":{"line":34,"column":4},"end":{"line":34,"column":null}},"18":{"start":{"line":82,"column":18},"end":{"line":82,"column":34}},"19":{"start":{"line":96,"column":18},"end":{"line":96,"column":40}}},"fnMap":{"0":{"name":"AdminStatusPanel","decl":{"start":{"line":15,"column":24},"end":{"line":15,"column":null}},"loc":{"start":{"line":15,"column":24},"end":{"line":106,"column":null}}},"1":{"name":"(anonymous_5)","decl":{"start":{"line":19,"column":21},"end":{"line":19,"column":null}},"loc":{"start":{"line":19,"column":21},"end":{"line":31,"column":null}}},"2":{"name":"(anonymous_6)","decl":{"start":{"line":33,"column":12},"end":{"line":33,"column":null}},"loc":{"start":{"line":33,"column":12},"end":{"line":35,"column":5}}},"3":{"name":"(anonymous_7)","decl":{"start":{"line":81,"column":54},"end":{"line":81,"column":55}},"loc":{"start":{"line":82,"column":18},"end":{"line":82,"column":34}}},"4":{"name":"(anonymous_8)","decl":{"start":{"line":95,"column":47},"end":{"line":95,"column":48}},"loc":{"start":{"line":96,"column":18},"end":{"line":96,"column":40}}}},"branchMap":{"0":{"loc":{"start":{"line":23,"column":6},"end":{"line":25,"column":null}},"type":"if","locations":[{"start":{"line":23,"column":6},"end":{"line":25,"column":null}}]},"1":{"loc":{"start":{"line":53,"column":13},"end":{"line":53,"column":null}},"type":"binary-expr","locations":[{"start":{"line":53,"column":13},"end":{"line":53,"column":31}},{"start":{"line":53,"column":31},"end":{"line":53,"column":null}}]},"2":{"loc":{"start":{"line":57,"column":13},"end":{"line":57,"column":null}},"type":"cond-expr","locations":[{"start":{"line":57,"column":23},"end":{"line":57,"column":38}},{"start":{"line":57,"column":38},"end":{"line":57,"column":null}}]},"3":{"loc":{"start":{"line":69,"column":13},"end":{"line":69,"column":null}},"type":"binary-expr","locations":[{"start":{"line":69,"column":13},"end":{"line":69,"column":31}},{"start":{"line":69,"column":31},"end":{"line":69,"column":null}}]},"4":{"loc":{"start":{"line":71,"column":77},"end":{"line":71,"column":null}},"type":"binary-expr","locations":[{"start":{"line":71,"column":77},"end":{"line":71,"column":96}},{"start":{"line":71,"column":96},"end":{"line":71,"column":null}}]},"5":{"loc":{"start":{"line":81,"column":16},"end":{"line":82,"column":34}},"type":"cond-expr","locations":[{"start":{"line":81,"column":16},"end":{"line":82,"column":34}}]},"6":{"loc":{"start":{"line":95,"column":16},"end":{"line":96,"column":40}},"type":"cond-expr","locations":[{"start":{"line":95,"column":16},"end":{"line":96,"column":40}}]}},"s":{"0":0,"1":0,"2":0,"3":0,"4":0,"5":0,"6":0,"7":0,"8":0,"9":0,"10":0,"11":0,"12":0,"13":0,"14":0,"15":0,"16":0,"17":0,"18":0,"19":0},"f":{"0":0,"1":0,"2":0,"3":0,"4":0},"b":{"0":[0],"1":[0,0],"2":[0,0],"3":[0,0],"4":[0,0],"5":[0],"6":[0]}}
,"/Users/ricardotrentin/Documents/2026/firewall-ai/frontend/components/auth-gate.tsx": {"path":"/Users/ricardotrentin/Documents/2026/firewall-ai/frontend/components/auth-gate.tsx","statementMap":{"0":{"start":{"line":14,"column":24},"end":{"line":14,"column":33}},"1":{"start":{"line":3,"column":43},"end":{"line":3,"column":null}},"2":{"start":{"line":4,"column":23},"end":{"line":4,"column":null}},"3":{"start":{"line":5,"column":22},"end":{"line":5,"column":null}},"4":{"start":{"line":6,"column":22},"end":{"line":6,"column":null}},"5":{"start":{"line":8,"column":20},"end":{"line":8,"column":null}},"6":{"start":{"line":15,"column":32},"end":{"line":15,"column":null}},"7":{"start":{"line":16,"column":34},"end":{"line":16,"column":null}},"8":{"start":{"line":17,"column":34},"end":{"line":17,"column":null}},"9":{"start":{"line":18,"column":34},"end":{"line":18,"column":null}},"10":{"start":{"line":19,"column":28},"end":{"line":19,"column":null}},"11":{"start":{"line":21,"column":2},"end":{"line":27,"column":null}},"12":{"start":{"line":22,"column":19},"end":{"line":22,"column":null}},"13":{"start":{"line":23,"column":4},"end":{"line":25,"column":null}},"14":{"start":{"line":24,"column":6},"end":{"line":24,"column":null}},"15":{"start":{"line":26,"column":4},"end":{"line":26,"column":null}},"16":{"start":{"line":29,"column":22},"end":{"line":54,"column":null}},"17":{"start":{"line":30,"column":4},"end":{"line":30,"column":null}},"18":{"start":{"line":31,"column":4},"end":{"line":31,"column":null}},"19":{"start":{"line":33,"column":18},"end":{"line":33,"column":null}},"20":{"start":{"line":35,"column":4},"end":{"line":53,"column":null}},"21":{"start":{"line":36,"column":23},"end":{"line":41,"column":null}},"22":{"start":{"line":43,"column":6},"end":{"line":46,"column":null}},"23":{"start":{"line":44,"column":8},"end":{"line":44,"column":null}},"24":{"start":{"line":45,"column":8},"end":{"line":45,"column":null}},"25":{"start":{"line":48,"column":6},"end":{"line":48,"column":null}},"26":{"start":{"line":49,"column":6},"end":{"line":49,"column":null}},"27":{"start":{"line":50,"column":6},"end":{"line":50,"column":null}},"28":{"start":{"line":52,"column":6},"end":{"line":52,"column":null}},"29":{"start":{"line":56,"column":2},"end":{"line":56,"column":null}},"30":{"start":{"line":56,"column":16},"end":{"line":56,"column":null}},"31":{"start":{"line":58,"column":2},"end":{"line":103,"column":null}},"32":{"start":{"line":83,"column":71},"end":{"line":83,"column":null}},"33":{"start":{"line":91,"column":35},"end":{"line":91,"column":null}}},"fnMap":{"0":{"name":"AuthGate","decl":{"start":{"line":14,"column":24},"end":{"line":14,"column":33}},"loc":{"start":{"line":14,"column":60},"end":{"line":106,"column":null}}},"1":{"name":"(anonymous_5)","decl":{"start":{"line":21,"column":12},"end":{"line":21,"column":null}},"loc":{"start":{"line":21,"column":12},"end":{"line":27,"column":5}}},"2":{"name":"(anonymous_6)","decl":{"start":{"line":29,"column":22},"end":{"line":29,"column":29}},"loc":{"start":{"line":29,"column":29},"end":{"line":54,"column":null}}},"3":{"name":"(anonymous_7)","decl":{"start":{"line":83,"column":64},"end":{"line":83,"column":65}},"loc":{"start":{"line":83,"column":71},"end":{"line":83,"column":null}}},"4":{"name":"(anonymous_8)","decl":{"start":{"line":91,"column":28},"end":{"line":91,"column":29}},"loc":{"start":{"line":91,"column":35},"end":{"line":91,"column":null}}}},"branchMap":{"0":{"loc":{"start":{"line":23,"column":4},"end":{"line":25,"column":null}},"type":"if","locations":[{"start":{"line":23,"column":4},"end":{"line":25,"column":null}}]},"1":{"loc":{"start":{"line":43,"column":6},"end":{"line":46,"column":null}},"type":"if","locations":[{"start":{"line":43,"column":6},"end":{"line":46,"column":null}}]},"2":{"loc":{"start":{"line":56,"column":2},"end":{"line":56,"column":null}},"type":"if","locations":[{"start":{"line":56,"column":2},"end":{"line":56,"column":null}}]},"3":{"loc":{"start":{"line":58,"column":2},"end":{"line":103,"column":null}},"type":"if","locations":[{"start":{"line":58,"column":2},"end":{"line":103,"column":null}}]},"4":{"loc":{"start":{"line":94,"column":15},"end":{"line":94,"column":24}},"type":"binary-expr","locations":[{"start":{"line":94,"column":15},"end":{"line":94,"column":24}}]}},"s":{"0":0,"1":0,"2":0,"3":0,"4":0,"5":0,"6":0,"7":0,"8":0,"9":0,"10":0,"11":0,"12":0,"13":0,"14":0,"15":0,"16":0,"17":0,"18":0,"19":0,"20":0,"21":0,"22":0,"23":0,"24":0,"25":0,"26":0,"27":0,"28":0,"29":0,"30":0,"31":0,"32":0,"33":0},"f":{"0":0,"1":0,"2":0,"3":0,"4":0},"b":{"0":[0],"1":[0],"2":[0],"3":[0],"4":[0]}}
,"/Users/ricardotrentin/Documents/2026/firewall-ai/frontend/components/cache-performance-panel.tsx": {"path":"/Users/ricardotrentin/Documents/2026/firewall-ai/frontend/components/cache-performance-panel.tsx","statementMap":{"0":{"start":{"line":10,"column":24},"end":{"line":10,"column":null}},"1":{"start":{"line":3,"column":43},"end":{"line":3,"column":null}},"2":{"start":{"line":4,"column":25},"end":{"line":4,"column":null}},"3":{"start":{"line":6,"column":34},"end":{"line":6,"column":null}},"4":{"start":{"line":7,"column":23},"end":{"line":7,"column":null}},"5":{"start":{"line":8,"column":26},"end":{"line":8,"column":null}},"6":{"start":{"line":11,"column":28},"end":{"line":11,"column":null}},"7":{"start":{"line":12,"column":32},"end":{"line":12,"column":null}},"8":{"start":{"line":14,"column":20},"end":{"line":22,"column":null}},"9":{"start":{"line":15,"column":4},"end":{"line":15,"column":null}},"10":{"start":{"line":16,"column":4},"end":{"line":21,"column":null}},"11":{"start":{"line":17,"column":19},"end":{"line":17,"column":null}},"12":{"start":{"line":18,"column":6},"end":{"line":18,"column":null}},"13":{"start":{"line":20,"column":6},"end":{"line":20,"column":null}},"14":{"start":{"line":24,"column":2},"end":{"line":26,"column":null}},"15":{"start":{"line":25,"column":4},"end":{"line":25,"column":null}},"16":{"start":{"line":28,"column":2},"end":{"line":34,"column":null}},"17":{"start":{"line":36,"column":2},"end":{"line":47,"column":null}}},"fnMap":{"0":{"name":"CachePerformancePanel","decl":{"start":{"line":10,"column":24},"end":{"line":10,"column":null}},"loc":{"start":{"line":10,"column":24},"end":{"line":65,"column":null}}},"1":{"name":"(anonymous_5)","decl":{"start":{"line":14,"column":20},"end":{"line":14,"column":null}},"loc":{"start":{"line":14,"column":20},"end":{"line":22,"column":null}}},"2":{"name":"(anonymous_6)","decl":{"start":{"line":24,"column":12},"end":{"line":24,"column":null}},"loc":{"start":{"line":24,"column":12},"end":{"line":26,"column":5}}}},"branchMap":{"0":{"loc":{"start":{"line":28,"column":2},"end":{"line":34,"column":null}},"type":"if","locations":[{"start":{"line":28,"column":2},"end":{"line":34,"column":null}}]},"1":{"loc":{"start":{"line":28,"column":6},"end":{"line":28,"column":25}},"type":"binary-expr","locations":[{"start":{"line":28,"column":6},"end":{"line":28,"column":17}},{"start":{"line":28,"column":17},"end":{"line":28,"column":25}}]},"2":{"loc":{"start":{"line":36,"column":2},"end":{"line":47,"column":null}},"type":"if","locations":[{"start":{"line":36,"column":2},"end":{"line":47,"column":null}}]}},"s":{"0":0,"1":0,"2":0,"3":0,"4":0,"5":0,"6":0,"7":0,"8":0,"9":0,"10":0,"11":0,"12":0,"13":0,"14":0,"15":0,"16":0,"17":0},"f":{"0":0,"1":0,"2":0},"b":{"0":[0],"1":[0,0],"2":[0]}}
,"/Users/ricardotrentin/Documents/2026/firewall-ai/frontend/components/firewall-audit-dashboard.tsx": {"path":"/Users/ricardotrentin/Documents/2026/firewall-ai/frontend/components/firewall-audit-dashboard.tsx","statementMap":{"0":{"start":{"line":19,"column":24},"end":{"line":19,"column":null}},"1":{"start":{"line":3,"column":43},"end":{"line":3,"column":null}},"2":{"start":{"line":4,"column":22},"end":{"line":4,"column":null}},"3":{"start":{"line":5,"column":23},"end":{"line":5,"column":null}},"4":{"start":{"line":6,"column":25},"end":{"line":6,"column":null}},"5":{"start":{"line":7,"column":57},"end":{"line":7,"column":null}},"6":{"start":{"line":8,"column":22},"end":{"line":8,"column":null}},"7":{"start":{"line":9,"column":22},"end":{"line":9,"column":null}},"8":{"start":{"line":10,"column":84},"end":{"line":10,"column":null}},"9":{"start":{"line":11,"column":32},"end":{"line":11,"column":null}},"10":{"start":{"line":13,"column":26},"end":{"line":13,"column":null}},"11":{"start":{"line":14,"column":29},"end":{"line":14,"column":null}},"12":{"start":{"line":15,"column":27},"end":{"line":15,"column":null}},"13":{"start":{"line":17,"column":38},"end":{"line":17,"column":null}},"14":{"start":{"line":21,"column":28},"end":{"line":21,"column":null}},"15":{"start":{"line":22,"column":46},"end":{"line":22,"column":null}},"16":{"start":{"line":23,"column":46},"end":{"line":23,"column":null}},"17":{"start":{"line":24,"column":40},"end":{"line":24,"column":null}},"18":{"start":{"line":25,"column":38},"end":{"line":25,"column":null}},"19":{"start":{"line":26,"column":28},"end":{"line":26,"column":null}},"20":{"start":{"line":27,"column":36},"end":{"line":27,"column":null}},"21":{"start":{"line":28,"column":50},"end":{"line":28,"column":null}},"22":{"start":{"line":29,"column":44},"end":{"line":29,"column":null}},"23":{"start":{"line":30,"column":27},"end":{"line":30,"column":null}},"24":{"start":{"line":31,"column":26},"end":{"line":31,"column":null}},"25":{"start":{"line":34,"column":2},"end":{"line":36,"column":null}},"26":{"start":{"line":35,"column":4},"end":{"line":35,"column":null}},"27":{"start":{"line":38,"column":25},"end":{"line":45,"column":null}},"28":{"start":{"line":39,"column":4},"end":{"line":44,"column":null}},"29":{"start":{"line":40,"column":20},"end":{"line":40,"column":null}},"30":{"start":{"line":41,"column":6},"end":{"line":41,"column":null}},"31":{"start":{"line":43,"column":6},"end":{"line":43,"column":null}},"32":{"start":{"line":47,"column":24},"end":{"line":82,"column":null}},"33":{"start":{"line":48,"column":4},"end":{"line":51,"column":null}},"34":{"start":{"line":49,"column":6},"end":{"line":49,"column":null}},"35":{"start":{"line":50,"column":6},"end":{"line":50,"column":null}},"36":{"start":{"line":53,"column":4},"end":{"line":56,"column":null}},"37":{"start":{"line":54,"column":6},"end":{"line":54,"column":null}},"38":{"start":{"line":55,"column":6},"end":{"line":55,"column":null}},"39":{"start":{"line":58,"column":4},"end":{"line":58,"column":null}},"40":{"start":{"line":59,"column":4},"end":{"line":59,"column":null}},"41":{"start":{"line":60,"column":4},"end":{"line":60,"column":null}},"42":{"start":{"line":62,"column":4},"end":{"line":81,"column":null}},"43":{"start":{"line":63,"column":28},"end":{"line":63,"column":null}},"44":{"start":{"line":65,"column":36},"end":{"line":69,"column":null}},"45":{"start":{"line":71,"column":21},"end":{"line":71,"column":null}},"46":{"start":{"line":72,"column":6},"end":{"line":72,"column":null}},"47":{"start":{"line":73,"column":6},"end":{"line":73,"column":null}},"48":{"start":{"line":76,"column":6},"end":{"line":76,"column":null}},"49":{"start":{"line":78,"column":6},"end":{"line":78,"column":null}},"50":{"start":{"line":80,"column":6},"end":{"line":80,"column":null}},"51":{"start":{"line":84,"column":27},"end":{"line":91,"column":null}},"52":{"start":{"line":85,"column":4},"end":{"line":90,"column":null}},"53":{"start":{"line":86,"column":6},"end":{"line":86,"column":null}},"54":{"start":{"line":87,"column":6},"end":{"line":87,"column":null}},"55":{"start":{"line":89,"column":6},"end":{"line":89,"column":null}},"56":{"start":{"line":93,"column":24},"end":{"line":95,"column":null}},"57":{"start":{"line":94,"column":4},"end":{"line":94,"column":null}},"58":{"start":{"line":94,"column":21},"end":{"line":94,"column":null}},"59":{"start":{"line":97,"column":33},"end":{"line":99,"column":null}},"60":{"start":{"line":98,"column":4},"end":{"line":98,"column":null}},"61":{"start":{"line":98,"column":21},"end":{"line":98,"column":null}},"62":{"start":{"line":101,"column":27},"end":{"line":103,"column":null}},"63":{"start":{"line":102,"column":4},"end":{"line":102,"column":null}},"64":{"start":{"line":102,"column":21},"end":{"line":102,"column":null}},"65":{"start":{"line":102,"column":38},"end":{"line":102,"column":null}},"66":{"start":{"line":105,"column":31},"end":{"line":108,"column":null}},"67":{"start":{"line":106,"column":24},"end":{"line":106,"column":null}},"68":{"start":{"line":107,"column":4},"end":{"line":107,"column":null}},"69":{"start":{"line":110,"column":28},"end":{"line":119,"column":null}},"70":{"start":{"line":111,"column":20},"end":{"line":111,"column":null}},"71":{"start":{"line":112,"column":20},"end":{"line":112,"column":null}},"72":{"start":{"line":113,"column":34},"end":{"line":113,"column":88}},"73":{"start":{"line":115,"column":24},"end":{"line":115,"column":null}},"74":{"start":{"line":116,"column":4},"end":{"line":116,"column":null}},"75":{"start":{"line":117,"column":4},"end":{"line":117,"column":null}},"76":{"start":{"line":118,"column":4},"end":{"line":118,"column":null}},"77":{"start":{"line":121,"column":28},"end":{"line":139,"column":null}},"78":{"start":{"line":122,"column":17},"end":{"line":122,"column":40}},"79":{"start":{"line":123,"column":4},"end":{"line":123,"column":null}},"80":{"start":{"line":123,"column":15},"end":{"line":123,"column":null}},"81":{"start":{"line":125,"column":19},"end":{"line":125,"column":null}},"82":{"start":{"line":126,"column":4},"end":{"line":137,"column":null}},"83":{"start":{"line":127,"column":6},"end":{"line":136,"column":null}},"84":{"start":{"line":128,"column":30},"end":{"line":128,"column":null}},"85":{"start":{"line":129,"column":8},"end":{"line":133,"column":null}},"86":{"start":{"line":130,"column":10},"end":{"line":130,"column":null}},"87":{"start":{"line":132,"column":10},"end":{"line":132,"column":null}},"88":{"start":{"line":135,"column":8},"end":{"line":135,"column":null}},"89":{"start":{"line":138,"column":4},"end":{"line":138,"column":null}},"90":{"start":{"line":175,"column":31},"end":{"line":175,"column":null}},"91":{"start":{"line":213,"column":20},"end":{"line":214,"column":null}},"92":{"start":{"line":215,"column":37},"end":{"line":215,"column":null}},"93":{"start":{"line":253,"column":59},"end":{"line":253,"column":73}},"94":{"start":{"line":281,"column":39},"end":{"line":281,"column":null}},"95":{"start":{"line":294,"column":22},"end":{"line":295,"column":null}},"96":{"start":{"line":296,"column":39},"end":{"line":296,"column":null}},"97":{"start":{"line":369,"column":20},"end":{"line":369,"column":48}},"98":{"start":{"line":380,"column":41},"end":{"line":380,"column":null}}},"fnMap":{"0":{"name":"FirewallAuditDashboard","decl":{"start":{"line":19,"column":24},"end":{"line":19,"column":null}},"loc":{"start":{"line":19,"column":24},"end":{"line":419,"column":null}}},"1":{"name":"(anonymous_6)","decl":{"start":{"line":34,"column":12},"end":{"line":34,"column":null}},"loc":{"start":{"line":34,"column":12},"end":{"line":36,"column":5}}},"2":{"name":"(anonymous_7)","decl":{"start":{"line":38,"column":25},"end":{"line":38,"column":null}},"loc":{"start":{"line":38,"column":25},"end":{"line":45,"column":null}}},"3":{"name":"(anonymous_8)","decl":{"start":{"line":47,"column":24},"end":{"line":47,"column":null}},"loc":{"start":{"line":47,"column":24},"end":{"line":82,"column":null}}},"4":{"name":"(anonymous_9)","decl":{"start":{"line":84,"column":27},"end":{"line":84,"column":null}},"loc":{"start":{"line":84,"column":27},"end":{"line":91,"column":null}}},"5":{"name":"(anonymous_10)","decl":{"start":{"line":93,"column":24},"end":{"line":93,"column":25}},"loc":{"start":{"line":93,"column":25},"end":{"line":95,"column":null}}},"6":{"name":"(anonymous_11)","decl":{"start":{"line":94,"column":13},"end":{"line":94,"column":21}},"loc":{"start":{"line":94,"column":21},"end":{"line":94,"column":null}}},"7":{"name":"(anonymous_12)","decl":{"start":{"line":97,"column":33},"end":{"line":97,"column":34}},"loc":{"start":{"line":97,"column":34},"end":{"line":99,"column":null}}},"8":{"name":"(anonymous_13)","decl":{"start":{"line":98,"column":13},"end":{"line":98,"column":21}},"loc":{"start":{"line":98,"column":21},"end":{"line":98,"column":null}}},"9":{"name":"(anonymous_14)","decl":{"start":{"line":101,"column":27},"end":{"line":101,"column":28}},"loc":{"start":{"line":101,"column":28},"end":{"line":103,"column":null}}},"10":{"name":"(anonymous_15)","decl":{"start":{"line":102,"column":13},"end":{"line":102,"column":21}},"loc":{"start":{"line":102,"column":21},"end":{"line":102,"column":null}}},"11":{"name":"(anonymous_16)","decl":{"start":{"line":102,"column":33},"end":{"line":102,"column":38}},"loc":{"start":{"line":102,"column":38},"end":{"line":102,"column":null}}},"12":{"name":"(anonymous_17)","decl":{"start":{"line":105,"column":31},"end":{"line":105,"column":null}},"loc":{"start":{"line":105,"column":31},"end":{"line":108,"column":null}}},"13":{"name":"(anonymous_18)","decl":{"start":{"line":110,"column":28},"end":{"line":110,"column":null}},"loc":{"start":{"line":110,"column":28},"end":{"line":119,"column":null}}},"14":{"name":"(anonymous_19)","decl":{"start":{"line":121,"column":28},"end":{"line":121,"column":29}},"loc":{"start":{"line":121,"column":29},"end":{"line":139,"column":null}}},"15":{"name":"(anonymous_20)","decl":{"start":{"line":126,"column":20},"end":{"line":126,"column":21}},"loc":{"start":{"line":126,"column":21},"end":{"line":137,"column":null}}},"16":{"name":"(anonymous_21)","decl":{"start":{"line":175,"column":25},"end":{"line":175,"column":31}},"loc":{"start":{"line":175,"column":31},"end":{"line":175,"column":null}}},"17":{"name":"(anonymous_22)","decl":{"start":{"line":212,"column":24},"end":{"line":212,"column":25}},"loc":{"start":{"line":213,"column":20},"end":{"line":214,"column":null}}},"18":{"name":"(anonymous_23)","decl":{"start":{"line":215,"column":31},"end":{"line":215,"column":37}},"loc":{"start":{"line":215,"column":37},"end":{"line":215,"column":null}}},"19":{"name":"(anonymous_24)","decl":{"start":{"line":253,"column":53},"end":{"line":253,"column":59}},"loc":{"start":{"line":253,"column":59},"end":{"line":253,"column":73}}
[...]
,"/Users/ricardotrentin/Documents/2026/firewall-ai/frontend/lib/api.ts": {"path":"/Users/ricardotrentin/Documents/2026/firewall-ai/frontend/lib/api.ts","statementMap":{"0":{"start":{"line":34,"column":13},"end":{"line":34,"column":21}},"1":{"start":{"line":150,"column":13},"end":{"line":150,"column":18}},"2":{"start":{"line":1,"column":37},"end":{"line":1,"column":null}},"3":{"start":{"line":5,"column":12},"end":{"line":8,"column":null}},"4":{"start":{"line":11,"column":0},"end":{"line":21,"column":null}},"5":{"start":{"line":13,"column":4},"end":{"line":18,"column":null}},"6":{"start":{"line":14,"column":20},"end":{"line":14,"column":null}},"7":{"start":{"line":15,"column":6},"end":{"line":17,"column":null}},"8":{"start":{"line":16,"column":8},"end":{"line":16,"column":null}},"9":{"start":{"line":19,"column":4},"end":{"line":19,"column":null}},"10":{"start":{"line":21,"column":13},"end":{"line":21,"column":null}},"11":{"start":{"line":25,"column":0},"end":{"line":30,"column":null}},"12":{"start":{"line":26,"column":16},"end":{"line":26,"column":null}},"13":{"start":{"line":28,"column":4},"end":{"line":28,"column":null}},"14":{"start":{"line":29,"column":4},"end":{"line":29,"column":null}},"15":{"start":{"line":34,"column":24},"end":{"line":147,"column":null}},"16":{"start":{"line":37,"column":62},"end":{"line":37,"column":null}},"17":{"start":{"line":38,"column":4},"end":{"line":40,"column":null}},"18":{"start":{"line":39,"column":6},"end":{"line":39,"column":null}},"19":{"start":{"line":41,"column":4},"end":{"line":41,"column":null}},"20":{"start":{"line":46,"column":67},"end":{"line":46,"column":null}},"21":{"start":{"line":47,"column":4},"end":{"line":49,"column":null}},"22":{"start":{"line":48,"column":6},"end":{"line":48,"column":null}},"23":{"start":{"line":50,"column":4},"end":{"line":50,"column":null}},"24":{"start":{"line":55,"column":61},"end":{"line":55,"column":null}},"25":{"start":{"line":56,"column":4},"end":{"line":58,"column":null}},"26":{"start":{"line":57,"column":6},"end":{"line":57,"column":null}},"27":{"start":{"line":59,"column":4},"end":{"line":62,"column":null}},"28":{"start":{"line":67,"column":49},"end":{"line":67,"column":null}},"29":{"start":{"line":68,"column":4},"end":{"line":70,"column":null}},"30":{"start":{"line":69,"column":6},"end":{"line":69,"column":null}},"31":{"start":{"line":75,"column":56},"end":{"line":78,"column":null}},"32":{"start":{"line":79,"column":4},"end":{"line":81,"column":null}},"33":{"start":{"line":80,"column":6},"end":{"line":80,"column":null}},"34":{"start":{"line":82,"column":4},"end":{"line":82,"column":null}},"35":{"start":{"line":87,"column":49},"end":{"line":90,"column":null}},"36":{"start":{"line":91,"column":4},"end":{"line":93,"column":null}},"37":{"start":{"line":92,"column":6},"end":{"line":92,"column":null}},"38":{"start":{"line":98,"column":56},"end":{"line":98,"column":null}},"39":{"start":{"line":99,"column":4},"end":{"line":101,"column":null}},"40":{"start":{"line":100,"column":6},"end":{"line":100,"column":null}},"41":{"start":{"line":102,"column":4},"end":{"line":102,"column":null}},"42":{"start":{"line":107,"column":41},"end":{"line":107,"column":null}},"43":{"start":{"line":108,"column":4},"end":{"line":108,"column":null}},"44":{"start":{"line":113,"column":65},"end":{"line":117,"column":null}},"45":{"start":{"line":118,"column":4},"end":{"line":120,"column":null}},"46":{"start":{"line":119,"column":6},"end":{"line":119,"column":null}},"47":{"start":{"line":121,"column":4},"end":{"line":121,"column":null}},"48":{"start":{"line":126,"column":54},"end":{"line":129,"column":null}},"49":{"start":{"line":130,"column":4},"end":{"line":132,"column":null}},"50":{"start":{"line":131,"column":6},"end":{"line":131,"column":null}},"51":{"start":{"line":133,"column":4},"end":{"line":133,"column":null}},"52":{"start":{"line":138,"column":65},"end":{"line":141,"column":null}},"53":{"start":{"line":142,"column":4},"end":{"line":144,"column":null}},"54":{"start":{"line":143,"column":6},"end":{"line":143,"column":null}},"55":{"start":{"line":145,"column":4},"end":{"line":145,"column":null}},"56":{"start":{"line":150,"column":21},"end":{"line":225,"column":null}},"57":{"start":{"line":153,"column":4},"end":{"line":153,"column":null}},"58":{"start":{"line":153,"column":21},"end":{"line":153,"column":null}},"59":{"start":{"line":154,"column":14},"end":{"line":154,"column":null}},"60":{"start":{"line":155,"column":18},"end":{"line":155,"column":null}},"61":{"start":{"line":156,"column":14},"end":{"line":156,"column":null}},"62":{"start":{"line":157,"column":4},"end":{"line":157,"column":null}},"63":{"start":{"line":162,"column":4},"end":{"line":162,"column":null}},"64":{"start":{"line":162,"column":22},"end":{"line":162,"column":null}},"65":{"start":{"line":163,"column":20},"end":{"line":163,"column":null}},"66":{"start":{"line":164,"column":29},"end":{"line":164,"column":null}},"67":{"start":{"line":165,"column":4},"end":{"line":165,"column":null}},"68":{"start":{"line":170,"column":4},"end":{"line":176,"column":null}},"69":{"start":{"line":171,"column":19},"end":{"line":171,"column":null}},"70":{"start":{"line":172,"column":21},"end":{"line":172,"column":null}},"71":{"start":{"line":173,"column":18},"end":{"line":173,"column":null}},"72":{"start":{"line":174,"column":19},"end":{"line":174,"column":null}},"73":{"start":{"line":175,"column":15},"end":{"line":175,"column":null}},"74":{"start":{"line":181,"column":29},"end":{"line":181,"column":31}},"75":{"start":{"line":183,"column":4},"end":{"line":183,"column":null}},"76":{"start":{"line":183,"column":18},"end":{"line":183,"column":null}},"77":{"start":{"line":184,"column":4},"end":{"line":184,"column":null}},"78":{"start":{"line":184,"column":20},"end":{"line":184,"column":null}},"79":{"start":{"line":185,"column":4},"end":{"line":185,"column":null}},"80":{"start":{"line":185,"column":30},"end":{"line":185,"column":null}},"81":{"start":{"line":186,"column":4},"end":{"line":186,"column":null}},"82":{"start":{"line":186,"column":25},"end":{"line":186,"column":null}},"83":{"start":{"line":187,"column":4},"end":{"line":187,"column":null}},"84":{"start":{"line":187,"column":22},"end":{"line":187,"column":null}},"85":{"start":{"line":189,"column":4},"end":{"line":189,"column":null}},"86":{"start":{"line":194,"column":38},"end":{"line":221,"column":null}},"87":{"start":{"line":223,"column":4},"end":{"line":223,"column":null}}},"fnMap":{"0":{"name":"(anonymous_4)","decl":{"start":{"line":12,"column":2},"end":{"line":12,"column":3}},"loc":{"start":{"line":12,"column":3},"end":{"line":20,"column":null}}},"1":{"name":"(anonymous_5)","decl":{"start":{"line":21,"column":2},"end":{"line":21,"column":3}},"loc":{"start":{"line":21,"column":13},"end":{"line":21,"column":null}}},"2":{"name":"(anonymous_6)","decl":{"start":{"line":26,"column":2},"end":{"line":26,"column":3}},"loc":{"start":{"line":26,"column":16},"end":{"line":26,"column":null}}},"3":{"name":"(anonymous_7)","decl":{"start":{"line":27,"column":2},"end":{"line":27,"column":3}},"loc":{"start":{"line":27,"column":3},"end":{"line":30,"column":null}}},"4":{"name":"(anonymous_8)","decl":{"start":{"line":36,"column":14},"end":{"line":36,"column":21}},"loc":{"start":{"line":36,"column":21},"end":{"line":42,"column":null}}},"5":{"name":"(anonymous_9)","decl":{"start":{"line":45,"column":18},"end":{"line":45,"column":25}},"loc":{"start":{"line":45,"column":25},"end":{"line":51,"column":null}}},"6":{"name":"(anonymous_10)","decl":{"start":{"line":54,"column":17},"end":{"line":54,"column":null}},"loc":{"start":{"line":54,"column":17},"end":{"line":63,"column":null}}},"7":{"name":"(anonymous_11)","decl":{"start":{"line":66,"column":14},"end":{"line":66,"column":null}},"loc":{"start":{"line":66,"column":14},"end":{"line":71,"column":null}}},"8":{"name":"(anonymous_12)","decl":{"start":{"line":74,"column":29},"end":{"line":74,"column":36}},"loc":{"start":{"line":74,"column":79},"end":{"line":83,"column":null}}},"9":{"name":"(anonymous_13)","decl":{"start":{"line":86,"column":18},"end":{"line":86,"column":25}},"loc":{"start":{"line":86,"column":48},"end":{"line":94,"column":null}}},"10":{"name":"(anonymous_14)","decl":{"start":{"line":97,"column":25},"end":{"line":97,"column":null}},"loc":{"start":{"line":97,"column":25},"end":{"line":103,"column":null}}},"11":{"name":"(anonymous_15)","decl":{"start":{"line":106,"column":15},"end":{"line":106,"column":null}},"loc":{"start":{"line":106,"column":15},"end":{"line":109,"column":null}}},"12":{"name":"(anonymous_16)","decl":{"start":{"line":112,"column":18},"end":{"line":112,"column":25}},"loc":{"start":{"line":112,"column":76},"end":{"line":122,"column":null}}},"13":{"name":"(anonymous_17)","decl":{"start":{"line":125,"column":21},"end":{"line":125,"column":28}},"loc":{"start":{"line":125,"column":79},"end":{"line":134,"column":null}}},"14":{"name":"(anonymous_18)","decl":{"start":{"line":137,"column":27},"end":{"line":137,"column":34}},"loc":{"start":{"line":137,"column":82},"end":{"line":146,"column":null}}},"15":{"name":"(anonymous_19)","decl":{"start":{"line":152,"column":18},"end":{"line":152,"column":19}},"loc":{"start":{"line":152,"column":19},"end":{"line":158,"column":null}}},"16":{"name":"(anonymous_20)","decl":{"start":{"line":161,"column":18},"end":{"line":161,"column":19}},"loc":{"start":{"line":161,"column":19},"end":{"line":166,"column":null}}},"17":{"name":"(anonymous_21)","decl":{"start":{"line":169,"column":20},"end":{"line":169,"column":21}},"loc":{"start":{"line":169,"column":21},"end":{"line":177,"column":null}}},"18":{"name":"(anonymous_22)","decl":{"start":{"line":180,"column":24},"end":{"line":180,"column":25}},"loc":{"start":{"line":180,"column":25},"end":{"line":190,"column":null}}},"19":{"name":"(anonymous_23)","decl":{"start":{"line":193,"column":23},"end":{"line":193,"column":24}},"loc":{"start":{"line":193,"column":48},"end":{"line":224,"column":null}}}},"branchMap":{"0":{"loc":{"start":{"line":6,"column":11},"end":{"line":6,"column":null}},"type":"binary-expr","locations":[{"start":{"line":6,"column":11},"end":{"line":6,"column":42}},{"start":{"line":6,"column":46},"end":{"line":6,"column":null}}]},"1":{"loc":{"start":{"line":13,"column":4},"end":{"line":18,"column":null}},"type":"if","locations":[{"start":{"line":13,"column":4},"end":{"line":18,"column":null}}]},"2":{"loc":{"start":{"line":15,"column":6},"end":{"line":17,"column":null}},"type":"if","locations":[{"start":{"line":15,"column":6},"end":{"line":17,"column":null}}]},"3":{"loc":{"start":{"line":38,"column":4},"end":{"line":40,"column":null}},"type":"if","locations":[{"start":{"line":38,"column":4},"end":{"line":40,"column":null}}]},"4":{"loc":{"start":{"line":39,"column":22},"end":{"line":39,"column":null}},"type":"binary-expr","locations":[{"start":{"line":39,"column":22},"end":{"line":39,"column":41}},{"start":{"line":39,"column":45},"end":{"line":39,"column":null}}]},"5":{"loc":{"start":{"line":47,"column":4},"end":{"line":49,"column":null}},"type":"if","locations":[{"start":{"line":47,"column":4},"end":{"line":49,"column":null}}]},"6":{"loc":{"start":{"line":48,"column":22},"end":{"line":48,"column":null}},"type":"binary-expr","locations":[{"start":{"line":48,"column":22},"end":{"line":48,"column":41}},{"start":{"line":48,"column":45},"end":{"line":48,"column":null}}]},"7":{"loc":{"start":{"line":56,"column":4},"end":{"line":58,"column":null}},"type":"if","locations":[{"start":{"line":56,"column":4},"end":{"line":58,"column":null}}]},"8":{"loc":{"start":{"line":57,"column":22},"end":{"line":57,"column":null}},"type":"binary-expr","locations":[{"start":{"line":57,"column":22},"end":{"line":57,"column":41}},{"start":{"line":57,"column":45},"end":{"line":57,"column":null}}]},"9":{"loc":{"start":{"line":68,"column":4},"end":{"line":70,"column":null}},"type":"if","locations":[{"start":{"line":68,"column":4},"end":{"line":70,"column":null}}]},"10":{"loc":{"start":{"line":69,"column":22},"end":{"line":69,"column":null}},"type":"binary-expr","locations":[{"start":{"line":69,"column":22},"end":{"line":69,"column":41}},{"start":{"line":69,"column":45},"end":{"line":69,"column":null}}]},"11":{"loc":{"start":{"line":74,"column":62},"end":{"line":74,"column":79}},"type":"default-arg","locations":[{"start":{"line":74,"column":78},"end":{"line":74,"column":79}}]},"12":{"loc":{"start":{"line":79,"column":4},"end":{"line":81,"column":null}},"type":"if","locations":[{"start":{"line":79,"column":4},"end":{"line":81,"column":null}}]},"13":{"loc":{"start":{"line":80,"column":22},"end":{"line":80,"column":null}},"type":"binary-expr","locations":[{"start":{"line":80,"column":22},"end":{"line":80,"column":41}},{"start":{"line":80,"column":45},"end":{"line":80,"column":null}}]},"14":{"loc":{"start":{"line":91,"column":4},"end":{"line":93,"column":null}},"type":"if","locations":[{"start":{"line":91,"column":4},"end":{"line":93,"column":null}}]},"15":{"loc":{"start":{"line":92,"column":22},"end":{"line":92,"column":null}},"type":"binary-expr","locations":[{"start":{"line":92,"column":22},"end":{"line":92,"column":41}},{"start":{"line":92,"column":45},"end":{"line":92,"column":null}}]},"16":{"loc":{"start":{"line":99,"column":4},"end":{"line":101,"column":null}},"type":"if","locations":[{"start":{"line":99,"column":4},"end":{"line":101,"column":null}}]},"17":{"loc":{"start":{"line":100,"column":22},"end":{"line":100,"column":null}},"type":"binary-expr","locations":[{"start":{"line":100,"column":22},"end":{"line":100,"column":41}},{"start":{"line":100,"column":45},"end":{"line":100,"column":null}}]},"18":{"loc":{"start":{"line":112,"column":42},"end":{"line":112,"column":76}},"type":"default-arg","locations":[{"start":{"line":112,"column":66},"end":{"line":112,"column":76}}]},"19":{"loc":{"start":{"line":118,"column":4},"end":{"line":120,"column":null}},"type":"if","locations":[{"start":{"line":118,"column":4},"end":{"line":120,"column":null}}]},"20":{"loc":{"start":{"line":119,"column":22},"end":{"line":119,"column":null}},"type":"binary-expr","locations":[{"start":{"line":119,"column":22},"end":{"line":119,"column":41}},{"start":{"line":119,"column":45},"end":{"line":119,"column":null}}]},"21":{"loc":{"start":{"line":121,"column":11},"end":{"line":121,"column":36}},"type":"binary-expr","locations":[{"start":{"line":121,"column":11},"end":{"line":121,"column":30}},{"start":{"line":121,"column":34},"end":{"line":121,"column":36}}]},"22":{"loc":{"start":{"line":125,"column":45},"end":{"line":125,"column":79}},"type":"default-arg","locations":[{"start":{"line":125,"column":69},"end":{"line":125,"column":79}}]},"23":{"loc":{"start":{"line":130,"column":4},"end":{"line":132,"column":null}},"type":"if","locations":[{"start":{"line":130,"column":4},"end":{"line":132,"column":null}}]},"24":{"loc":{"start":{"line":131,"column":22},"end":{"line":131,"column":null}},"type":"binary-expr","locations":[{"start":{"line":131,"column":22},"end":{"line":131,"column":41}},{"start":{"line":131,"column":45},"end":{"line":131,"column":null}}]},"25":{"loc":{"start":{"line":137,"column":48},"end":{"line":137,"column":82}},"type":"default-arg","locations":[{"start":{"line":137,"column":72},"end":{"line":137,"column":82}}]},"26":{"loc":{"start":{"line":142,"column":4},"end":{"line":144,"column":null}},"type":"if","locations":[{"start":{"line":142,"column":4},"end":{"line":144,"column":null}}]},"27":{"loc":{"start":{"line":143,"column":22},"end":{"line":143,"column":null}},"type":"binary-expr","locations":[{"start":{"line":143,"column":22},"end":{"line":143,"column":41}},{"start":{"line":143,"column":45},"end":{"line":143,"column":null}}]},"28":{"loc":{"start":{"line":145,"column":11},"end":{"line":145,"column":36}},"type":"binary-expr","locations":[{"start":{"line":145,"column":11},"end":{"line":145,"column":30}},{"start":{"line":145,"column":34},"end":{"line":145,"column":36}}]},"29":{"loc":{"start":{"line":153,"column":4},"end":{"line":153,"column":null}},"type":"if","locations":[{"start":{"line":153,"column":4},"end":{"line":153,"column":null}}]},"30":{"loc":{"start":{"line":162,"column":4},"end":{"line":162,"column":null}},"type":"if","locations":[{"start":{"line":162,"column":4},"end":{"line":162,"column":null}}]},"31":{"loc":{"start":{"line":170,"column":4},"end":{"line":176,"column":null}},"type":"switch","locations":[{"start":{"line":171,"column":6},"end":{"line":171,"column":null}},{"start":{"line":172,"column":6},"end":{"line":172,"column":null}},{"start":{"line":173,"column":6},"end":{"line":173,"column":null}},{"start":{"line":174,"column":6},"end":{"line":174,"column":null}},{"start":{"line":175,"column":6},"end":{"line":175,"column":null}}]},"32":{"loc":{"start":{"line":183,"column":4},"end":{"line":183,"column":null}},"type":"if","locations":[{"start":{"line":183,"column":4},"end":{"line":183,"column":null}}]},"33":{"loc":{"start":{"line":184,"column":4},"end":{"line":184,"column":null}},"type":"if","locations":[{"start":{"line":184,"column":4},"end":{"line":184,"column":null}}]},"34":{"loc":{"start":{"line":185,"column":4},"end":{"line":185,"column":null}},"type":"if","locations":[{"start":{"line":185,"column":4},"end":{"line":185,"column":null}}]},"35":{"loc":{"start":{"line":186,"column":4},"end":{"line":186,"column":null}},"type":"if","locations":[{"start":{"line":186,"column":4},"end":{"line":186,"column":null}}]},"36":{"loc":{"start":{"line":187,"column":4},"end":{"line":187,"column":null}},"type":"if","locations":[{"start":{"line":187,"column":4},"end":{"line":187,"column":null}}]},"37":{"loc":{"start":{"line":193,"column":24},"end":{"line":193,"column":48}},"type":"default-arg","locations":[{"start":{"line":193,"column":43},"end":{"line":193,"column":48}}]}},"s":{"0":5,"1":18,"2":1,"3":1,"4":1,"5":0,"6":0,"7":0,"8":0,"9":0,"10":0,"11":1,"12":0,"13":0,"14":0,"15":1,"16":2,"17":2,"18":1,"19":1,"20":1,"21":1,"22":0,"23":1,"24":1,"25":1,"26":0,"27":1,"28":0,"29":0,"30":0,"31":0,"32":0,"33":0,"34":0,"35":0,"36":0,"37":0,"38":0,"39":0,"40":0,"41":0,"42":0,"43":0,"44":1,"45":1,"46":0,"47":1,"48":0,"49":0,"50":0,"51":0,"52":0,"53":0,"54":0,"55":0,"56":1,"57":4,"58":1,"59":3,"60":3,"61":3,"62":3,"63":3,"64":1,"65":2,"66":2,"67":2,"68":7,"69":2,"70":2,"71":1,"72":1,"73":1,"74":2,"75":2,"76":1,"77":2,"78":1,"79":2,"80":1,"81":2,"82":1,"83":2,"84":1,"85":2,"86":2,"87":2},"f":{"0":0,"1":0,"2":0,"3":0,"4":2,"5":1,"6":1,"7":0,"8":0,"9":0,"10":0,"11":0,"12":1,"13":0,"14":0,"15":4,"16":3,"17":7,"18":2,"19":2},"b":{"0":[1,1],"1":[0],"2":[0],"3":[1],"4":[1,0],"5":[0],"6":[0,0],"7":[0],"8":[0,0],"9":[0],"10":[0,0],"11":[0],"12":[0],"13":[0,0],"14":[0],"15":[0,0],"16":[0],"17":[0,0],"18":[1],"19":[0],"20":[0,0],"21":[1,0],"22":[0],"23":[0],"24":[0,0],"25":[0],"26":[0],"27":[0,0],"28":[0,0],"29":[1],"30":[1],"31":[2,2,1,1,1],"32":[1],"33":[1],"34":[1],"35":[1],"36":[1],"37":[0]}}
,"/Users/ricardotrentin/Documents/2026/firewall-ai/frontend/lib/utils.ts": {"path":"/Users/ricardotrentin/Documents/2026/firewall-ai/frontend/lib/utils.ts","statementMap":{"0":{"start":{"line":4,"column":16},"end":{"line":4,"column":19}},"1":{"start":{"line":1,"column":38},"end":{"line":1,"column":null}},"2":{"start":{"line":2,"column":24},"end":{"line":2,"column":null}},"3":{"start":{"line":5,"column":2},"end":{"line":5,"column":null}}},"fnMap":{"0":{"name":"cn","decl":{"start":{"line":4,"column":16},"end":{"line":4,"column":19}},"loc":{"start":{"line":4,"column":42},"end":{"line":6,"column":null}}}},"branchMap":{},"s":{"0":1324,"1":5,"2":5,"3":1324},"f":{"0":1324},"b":{}}
}
