TN:
SF:app/layout.tsx
FN:15,RootLayout
FNF:1
FNH:0
FNDA:0,RootLayout
DA:2,0
DA:3,0
DA:4,0
DA:5,0
DA:6,0
DA:8,0
DA:10,0
DA:15,0
LF:8
LH:0
BRF:0
BRH:0
end_of_record
TN:
SF:app/page.tsx
FN:9,Home
FNF:1
FNH:0
FNDA:0,Home
DA:1,0
DA:2,0
DA:3,0
DA:4,0
DA:7,0
DA:9,0
LF:6
LH:0
BRF:0
BRH:0
end_of_record
TN:
SF:components/AuditResults.tsx
FN:17,AuditResults
FN:18,(anonymous_3)
FN:27,(anonymous_4)
FN:36,(anonymous_5)
FN:63,(anonymous_6)
FN:93,(anonymous_7)
FN:122,(anonymous_8)
FN:136,(anonymous_9)
FN:136,(anonymous_10)
FN:169,(anonymous_11)
FN:225,(anonymous_12)
FNF:11
FNH:0
FNDA:0,AuditResults
FNDA:0,(anonymous_3)
FNDA:0,(anonymous_4)
FNDA:0,(anonymous_5)
FNDA:0,(anonymous_6)
FNDA:0,(anonymous_7)
FNDA:0,(anonymous_8)
FNDA:0,(anonymous_9)
FNDA:0,(anonymous_10)
FNDA:0,(anonymous_11)
FNDA:0,(anonymous_12)
DA:3,0
DA:4,0
DA:5,0
DA:6,0
DA:7,0
DA:9,0
DA:10,0
DA:17,0
DA:18,0
DA:19,0
DA:27,0
DA:28,0
DA:29,0
DA:30,0
DA:31,0
DA:32,0
DA:36,0
DA:37,0
DA:38,0
DA:39,0
DA:40,0
DA:63,0
DA:94,0
DA:122,0
DA:136,0
DA:137,0
DA:170,0
DA:226,0
LF:28
LH:0
BRDA:28,0,0,0
BRDA:28,0,1,0
BRDA:28,0,2,0
BRDA:28,0,3,0
BRDA:37,1,0,0
BRDA:63,2,0,0
BRDA:63,2,1,0
BRDA:79,3,0,0
BRDA:106,4,0,0
BRDA:122,5,0,0
BRDA:122,6,0,0
BRDA:122,6,1,0
BRDA:136,7,0,0
BRDA:136,7,1,0
BRDA:155,8,0,0
BRDA:180,9,0,0
BRDA:211,10,0,0
BRDA:211,10,1,0
BRDA:257,11,0,0
BRDA:257,11,1,0
BRF:20
BRH:0
end_of_record
TN:
SF:components/CacheStatsDisplay.tsx
FN:14,CacheStatsDisplay
FNF:1
FNH:0
FNDA:0,CacheStatsDisplay
DA:3,0
DA:4,0
DA:5,0
DA:6,0
DA:14,0
DA:15,0
DA:16,0
DA:18,0
DA:19,0
DA:22,0
LF:10
LH:0
BRDA:19,0,0,0
BRDA:19,0,1,0
BRDA:110,1,0,0
BRDA:110,1,1,0
BRF:4
BRH:0
end_of_record
TN:
SF:components/DiffViewer.tsx
FN:15,DiffViewer
FN:19,(anonymous_5)
FN:25,(anonymous_6)
FN:25,(anonymous_7)
FN:56,(anonymous_8)
FN:59,(anonymous_9)
FN:69,(anonymous_10)
FN:75,(anonymous_11)
FN:177,(anonymous_12)
FNF:9
FNH:0
FNDA:0,DiffViewer
FNDA:0,(anonymous_5)
FNDA:0,(anonymous_6)
FNDA:0,(anonymous_7)
FNDA:0,(anonymous_8)
FNDA:0,(anonymous_9)
FNDA:0,(anonymous_10)
FNDA:0,(anonymous_11)
FNDA:0,(anonymous_12)
DA:3,0
DA:4,0
DA:5,0
DA:6,0
DA:7,0
DA:8,0
DA:15,0
DA:16,0
DA:17,0
DA:19,0
DA:21,0
DA:24,0
DA:25,0
DA:26,0
DA:28,0
DA:30,0
DA:45,0
DA:46,0
DA:48,0
DA:56,0
DA:58,0
DA:59,0
DA:60,0
DA:62,0
DA:63,0
DA:69,0
DA:70,0
DA:71,0
DA:75,0
DA:76,0
DA:77,0
DA:78,0
DA:79,0
DA:80,0
DA:81,0
DA:82,0
DA:83,0
DA:84,0
DA:85,0
DA:89,0
DA:178,0
LF:41
LH:0
BRDA:24,0,0,0
BRDA:24,1,0,0
BRDA:24,1,1,0
BRDA:28,2,0,0
BRDA:28,3,0,0
BRDA:28,3,1,0
BRDA:45,4,0,0
BRDA:45,4,1,0
BRDA:46,5,0,0
BRDA:46,5,1,0
BRDA:58,6,0,0
BRDA:58,7,0,0
BRDA:58,7,1,0
BRDA:62,8,0,0
BRDA:70,9,0,0
BRDA:76,10,0,0
BRDA:89,11,0,0
BRDA:129,12,0,0
BRDA:129,12,1,0
BRDA:133,13,0,0
BRDA:133,13,1,0
BRDA:137,14,0,0
BRDA:137,14,1,0
BRDA:166,15,0,0
BRDA:166,15,1,0
BRF:25
BRH:0
end_of_record
TN:
SF:components/RuleFlowVisualization.tsx
FN:25,(anonymous_4)
FN:26,(anonymous_5)
FN:77,RuleFlowVisualization
FN:79,(anonymous_7)
FN:88,(anonymous_8)
FN:89,(anonymous_9)
FN:93,(anonymous_10)
FN:95,(anonymous_11)
FN:106,(anonymous_12)
FN:133,(anonymous_13)
FN:156,(anonymous_14)
FN:158,(anonymous_15)
FN:169,(anonymous_16)
FN:193,(anonymous_17)
FN:197,(anonymous_18)
FN:220,(anonymous_19)
FNF:16
FNH:0
FNDA:0,(anonymous_4)
FNDA:0,(anonymous_5)
FNDA:0,RuleFlowVisualization
FNDA:0,(anonymous_7)
FNDA:0,(anonymous_8)
FNDA:0,(anonymous_9)
FNDA:0,(anonymous_10)
FNDA:0,(anonymous_11)
FNDA:0,(anonymous_12)
FNDA:0,(anonymous_13)
FNDA:0,(anonymous_14)
FNDA:0,(anonymous_15)
FNDA:0,(anonymous_16)
FNDA:0,(anonymous_17)
FNDA:0,(anonymous_18)
FNDA:0,(anonymous_19)
DA:3,0
DA:14,0
DA:15,0
DA:17,0
DA:18,0
DA:25,0
DA:26,0
DA:27,0
DA:73,0
DA:77,0
DA:79,0
DA:80,0
DA:81,0
DA:83,0
DA:84,0
DA:88,0
DA:89,0
DA:92,0
DA:93,0
DA:94,0
DA:95,0
DA:96,0
DA:97,0
DA:99,0
DA:103,0
DA:104,0
DA:106,0
DA:107,0
DA:108,0
DA:110,0
DA:111,0
DA:114,0
DA:126,0
DA:130,0
DA:131,0
DA:133,0
DA:134,0
DA:136,0
DA:151,0
DA:155,0
DA:156,0
DA:157,0
DA:158,0
DA:159,0
DA:160,0
DA:162,0
DA:166,0
DA:167,0
DA:169,0
DA:170,0
DA:171,0
DA:173,0
DA:174,0
DA:177,0
DA:189,0
DA:193,0
DA:194,0
DA:195,0
DA:197,0
DA:198,0
DA:199,0
DA:200,0
DA:219,0
DA:220,0
DA:221,0
DA:222,0
DA:223,0
DA:242,0
DA:245,0
DA:246,0
DA:248,0
LF:71
LH:0
BRDA:36,0,0,0
BRDA:45,1,0,0
BRDA:45,1,1,0
BRDA:53,2,0,0
BRDA:56,3,0,0
BRDA:58,4,0,0
BRDA:58,4,1,0
BRDA:64,5,0,0
BRDA:64,5,1,0
BRDA:83,6,0,0
BRDA:94,7,0,0
BRDA:94,7,1,0
BRDA:96,8,0,0
BRDA:110,9,0,0
BRDA:110,9,1,0
BRDA:110,9,2,0
BRDA:111,10,0,0
BRDA:111,10,1,0
BRDA:112,11,0,0
BRDA:112,11,1,0
BRDA:119,12,0,0
BRDA:119,12,1,0
BRDA:119,13,0,0
BRDA:119,13,1,0
BRDA:120,14,0,0
BRDA:120,14,1,0
BRDA:141,15,0,0
BRDA:141,15,1,0
BRDA:142,16,0,0
BRDA:142,16,1,0
BRDA:157,17,0,0
BRDA:157,17,1,0
BRDA:159,18,0,0
BRDA:173,19,0,0
BRDA:173,19,1,0
BRDA:173,19,2,0
BRDA:174,20,0,0
BRDA:174,20,1,0
BRDA:175,21,0,0
BRDA:175,21,1,0
BRDA:182,22,0,0
BRDA:182,22,1,0
BRDA:182,23,0,0
BRDA:182,23,1,0
BRDA:183,24,0,0
BRDA:183,24,1,0
BRDA:195,25,0,0
BRDA:195,25,1,0
BRDA:199,26,0,0
BRDA:207,27,0,0
BRDA:207,27,1,0
BRDA:212,28,0,0
BRDA:212,28,1,0
BRDA:219,29,0,0
BRDA:219,29,1,0
BRDA:222,30,0,0
BRDA:230,31,0,0
BRDA:230,31,1,0
BRDA:235,32,0,0
BRDA:235,32,1,0
BRDA:248,33,0,0
BRF:61
BRH:0
end_of_record
TN:
SF:components/RuleInputForm.tsx
FN:19,RuleInputForm
FN:38,(anonymous_5)
FN:53,(anonymous_6)
FN:57,(anonymous_7)
FN:61,(anonymous_8)
FN:65,(anonymous_9)
FN:78,(anonymous_10)
FN:121,(anonymous_11)
FN:137,(anonymous_12)
FN:157,(anonymous_13)
FN:194,(anonymous_14)
FN:203,(anonymous_15)
FN:218,(anonymous_16)
FN:227,(anonymous_17)
FN:239,(anonymous_18)
FN:248,(anonymous_19)
FN:257,(anonymous_20)
FN:281,(anonymous_21)
FN:335,(anonymous_22)
FN:349,(anonymous_23)
FN:363,(anonymous_24)
FN:399,(anonymous_25)
FNF:22
FNH:9
FNDA:110,RuleInputForm
FNDA:2,(anonymous_5)
FNDA:1,(anonymous_6)
FNDA:1,(anonymous_7)
FNDA:1,(anonymous_8)
FNDA:2,(anonymous_9)
FNDA:3,(anonymous_10)
FNDA:0,(anonymous_11)
FNDA:0,(anonymous_12)
FNDA:0,(anonymous_13)
FNDA:9,(anonymous_14)
FNDA:0,(anonymous_15)
FNDA:0,(anonymous_16)
FNDA:0,(anonymous_17)
FNDA:0,(anonymous_18)
FNDA:0,(anonymous_19)
FNDA:0,(anonymous_20)
FNDA:85,(anonymous_21)
FNDA:0,(anonymous_22)
FNDA:0,(anonymous_23)
FNDA:0,(anonymous_24)
FNDA:0,(anonymous_25)
DA:3,1
DA:4,1
DA:5,1
DA:6,1
DA:7,1
DA:8,1
DA:9,1
DA:10,1
DA:19,8
DA:21,110
DA:22,110
DA:23,110
DA:24,110
DA:25,110
DA:26,110
DA:27,110
DA:30,110
DA:31,110
DA:32,110
DA:33,110
DA:34,110
DA:36,110
DA:38,110
DA:39,2
DA:40,2
DA:41,1
DA:42,1
DA:45,1
DA:53,1
DA:57,1
DA:61,1
DA:65,2
DA:69,1
DA:70,1
DA:71,1
DA:72,1
DA:73,1
DA:74,1
DA:75,1
DA:78,110
DA:79,3
DA:80,0
DA:81,0
DA:84,3
DA:85,3
DA:86,3
DA:88,3
DA:90,3
DA:91,3
DA:92,3
DA:93,3
DA:96,3
DA:97,0
DA:98,0
DA:99,0
DA:103,3
DA:105,0
DA:109,3
DA:111,2
DA:112,0
DA:113,0
DA:114,0
DA:118,2
DA:119,2
DA:121,0
DA:125,2
DA:126,2
DA:127,2
DA:130,1
DA:132,3
DA:133,3
DA:137,110
DA:138,0
DA:139,0
DA:140,0
DA:143,0
DA:144,0
DA:146,0
DA:147,0
DA:149,0
DA:150,0
DA:151,0
DA:154,0
DA:155,0
DA:157,0
DA:160,0
DA:161,0
DA:163,0
DA:165,0
DA:194,9
DA:203,0
DA:218,0
DA:227,0
DA:239,0
DA:248,0
DA:257,0
DA:282,85
DA:283,85
DA:284,85
DA:336,0
DA:350,0
DA:364,0
DA:399,0
LF:103
LH:66
BRDA:40,0,0,1
BRDA:79,1,0,0
BRDA:96,2,0,0
BRDA:96,3,0,3
BRDA:96,3,1,1
BRDA:103,4,0,0
BRDA:103,5,0,3
BRDA:103,5,1,1
BRDA:111,6,0,0
BRDA:118,7,0,2
BRDA:118,7,1,0
BRDA:130,8,0,1
BRDA:130,8,1,0
BRDA:138,9,0,0
BRDA:149,10,0,0
BRDA:154,11,0,0
BRDA:154,11,1,0
BRDA:163,12,0,0
BRDA:163,12,1,0
BRDA:267,13,0,110
BRDA:295,14,0,110
BRDA:295,14,1,107
BRDA:300,15,0,3
BRDA:300,15,1,3
BRDA:300,15,2,0
BRDA:301,16,0,3
BRDA:301,16,1,3
BRDA:301,16,2,0
BRDA:302,17,0,3
BRDA:302,17,1,3
BRDA:302,17,2,3
BRDA:309,18,0,110
BRDA:309,18,1,1
BRDA:311,19,0,0
BRDA:311,19,1,1
BRDA:313,20,0,0
BRDA:313,20,1,1
BRDA:319,21,0,0
BRDA:319,21,1,1
BRDA:320,22,0,0
BRDA:320,22,1,1
BRDA:324,23,0,0
BRDA:324,23,1,1
BRDA:325,24,0,0
BRDA:325,24,1,1
BRDA:331,25,0,1
BRDA:345,26,0,1
BRDA:345,26,1,0
BRDA:359,27,0,1
BRDA:372,28,0,110
BRDA:376,29,0,110
BRDA:376,29,1,107
BRDA:376,29,2,107
BRDA:380,30,0,3
BRDA:379,31,0,110
BRDA:379,31,1,107
BRDA:382,32,0,3
BRDA:382,32,1,0
BRDA:417,33,0,110
BRDA:421,34,0,110
BRDA:421,34,1,107
BRDA:425,35,0,3
BRF:62
BRH:40
end_of_record
TN:
SF:components/admin-status-panel.tsx
FN:15,AdminStatusPanel
FN:19,(anonymous_5)
FN:33,(anonymous_6)
FN:81,(anonymous_7)
FN:95,(anonymous_8)
FNF:5
FNH:0
FNDA:0,AdminStatusPanel
FNDA:0,(anonymous_5)
FNDA:0,(anonymous_6)
FNDA:0,(anonymous_7)
FNDA:0,(anonymous_8)
DA:3,0
DA:4,0
DA:5,0
DA:6,0
DA:15,0
DA:16,0
DA:17,0
DA:19,0
DA:20,0
DA:21,0
DA:22,0
DA:23,0
DA:24,0
DA:26,0
DA:27,0
DA:29,0
DA:33,0
DA:34,0
DA:82,0
DA:96,0
LF:20
LH:0
BRDA:23,0,0,0
BRDA:53,1,0,0
BRDA:53,1,1,0
BRDA:57,2,0,0
BRDA:57,2,1,0
BRDA:69,3,0,0
BRDA:69,3,1,0
BRDA:71,4,0,0
BRDA:71,4,1,0
BRDA:81,5,0,0
BRDA:95,6,0,0
BRF:11
BRH:0
end_of_record
TN:
SF:components/auth-gate.tsx
FN:14,AuthGate
FN:21,(anonymous_5)
FN:29,(anonymous_6)
FN:83,(anonymous_7)
FN:91,(anonymous_8)
FNF:5
FNH:0
FNDA:0,AuthGate
FNDA:0,(anonymous_5)
FNDA:0,(anonymous_6)
FNDA:0,(anonymous_7)
FNDA:0,(anonymous_8)
DA:3,0
DA:4,0
DA:5,0
DA:6,0
DA:8,0
DA:14,0
DA:15,0
DA:16,0
DA:17,0
DA:18,0
DA:19,0
DA:21,0
DA:22,0
DA:23,0
DA:24,0
DA:26,0
DA:29,0
DA:30,0
DA:31,0
DA:33,0
DA:35,0
DA:36,0
DA:43,0
DA:44,0
DA:45,0
DA:48,0
DA:49,0
DA:50,0
DA:52,0
DA:56,0
DA:58,0
DA:83,0
DA:91,0
LF:33
LH:0
BRDA:23,0,0,0
BRDA:43,1,0,0
BRDA:56,2,0,0
BRDA:58,3,0,0
BRDA:94,4,0,0
BRF:5
BRH:0
end_of_record
TN:
SF:components/cache-performance-panel.tsx
FN:10,CachePerformancePanel
FN:14,(anonymous_5)
FN:24,(anonymous_6)
FNF:3
FNH:0
FNDA:0,CachePerformancePanel
FNDA:0,(anonymous_5)
FNDA:0,(anonymous_6)
DA:3,0
DA:4,0
DA:6,0
DA:7,0
DA:8,0
DA:10,0
DA:11,0
DA:12,0
DA:14,0
DA:15,0
DA:16,0
DA:17,0
DA:18,0
DA:20,0
DA:24,0
DA:25,0
DA:28,0
DA:36,0
LF:18
LH:0
BRDA:28,0,0,0
BRDA:28,1,0,0
BRDA:28,1,1,0
BRDA:36,2,0,0
BRF:4
BRH:0
end_of_record
TN:
SF:components/firewall-audit-dashboard.tsx
FN:19,FirewallAuditDashboard
FN:34,(anonymous_6)
FN:38,(anonymous_7)
FN:47,(anonymous_8)
FN:84,(anonymous_9)
FN:93,(anonymous_10)
FN:94,(anonymous_11)
FN:97,(anonymous_12)
FN:98,(anonymous_13)
FN:101,(anonymous_14)
FN:102,(anonymous_15)
FN:102,(anonymous_16)
FN:105,(anonymous_17)
FN:110,(anonymous_18)
FN:121,(anonymous_19)
FN:126,(anonymous_20)
FN:175,(anonymous_21)
FN:212,(anonymous_22)
FN:215,(anonymous_23)
FN:253,(anonymous_24)
FN:281,(anonymous_25)
FN:293,(anonymous_26)
FN:296,(anonymous_27)
FN:368,(anonymous_28)
FN:380,(anonymous_29)
FNF:25
FNH:0
FNDA:0,FirewallAuditDashboard
FNDA:0,(anonymous_6)
FNDA:0,(anonymous_7)
FNDA:0,(anonymous_8)
FNDA:0,(anonymous_9)
FNDA:0,(anonymous_10)
FNDA:0,(anonymous_11)
FNDA:0,(anonymous_12)
FNDA:0,(anonymous_13)
FNDA:0,(anonymous_14)
FNDA:0,(anonymous_15)
FNDA:0,(anonymous_16)
FNDA:0,(anonymous_17)
FNDA:0,(anonymous_18)
FNDA:0,(anonymous_19)
FNDA:0,(anonymous_20)
FNDA:0,(anonymous_21)
FNDA:0,(anonymous_22)
FNDA:0,(anonymous_23)
FNDA:0,(anonymous_24)
FNDA:0,(anonymous_25)
FNDA:0,(anonymous_26)
FNDA:0,(anonymous_27)
FNDA:0,(anonymous_28)
FNDA:0,(anonymous_29)
DA:3,0
DA:4,0
DA:5,0
DA:6,0
DA:7,0
DA:8,0
DA:9,0
DA:10,0
DA:11,0
DA:13,0
DA:14,0
DA:15,0
DA:17,0
DA:19,0
DA:21,0
DA:22,0
DA:23,0
DA:24,0
DA:25,0
DA:26,0
DA:27,0
DA:28,0
DA:29,0
DA:30,0
DA:31,0
DA:34,0
DA:35,0
DA:38,0
DA:39,0
DA:40,0
DA:41,0
DA:43,0
DA:47,0
DA:48,0
DA:49,0
DA:50,0
DA:53,0
DA:54,0
DA:55,0
DA:58,0
DA:59,0
DA:60,0
DA:62,0
DA:63,0
DA:65,0
DA:71,0
DA:72,0
DA:73,0
DA:76,0
DA:78,0
DA:80,0
DA:84,0
DA:85,0
DA:86,0
DA:87,0
DA:89,0
DA:93,0
DA:94,0
DA:97,0
DA:98,0
DA:101,0
DA:102,0
DA:105,0
DA:106,0
DA:107,0
DA:110,0
DA:111,0
DA:112,0
DA:113,0
DA:115,0
DA:116,0
DA:117,0
DA:118,0
DA:121,0
DA:122,0
DA:123,0
DA:125,0
DA:126,0
DA:127,0
DA:128,0
DA:129,0
DA:130,0
DA:132,0
DA:135,0
DA:138,0
DA:175,0
DA:213,0
DA:215,0
DA:253,0
DA:281,0
DA:294,0
DA:296,0
DA:369,0
DA:380,0
LF:94
LH:0
BRDA:48,0,0,0
BRDA:48,1,0,0
BRDA:48,1,1,0
BRDA:53,2,0,0
BRDA:63,3,0,0
BRDA:63,3,1,0
BRDA:63,4,0,0
BRDA:63,4,1,0
BRDA:68,5,0,0
BRDA:68,5,1,0
BRDA:106,6,0,0
BRDA:106,6,1,0
BRDA:113,7,0,0
BRDA:113,7,1,0
BRDA:123,8,0,0
BRDA:129,9,0,0
BRDA:129,9,1,0
BRDA:164,10,0,0
BRDA:217,11,0,0
BRDA:217,11,1,0
BRDA:320,12,0,0
BRDA:320,12,1,0
BRDA:325,13,0,0
BRDA:325,13,1,0
BRDA:325,13,2,0
BRDA:325,13,3,0
BRDA:329,14,0,0
BRDA:363,15,0,0
BRDA:372,16,0,0
BRDA:372,16,1,0
BRDA:374,17,0,0
BRDA:374,17,1,0
BRDA:380,18,0,0
BRDA:380,18,1,0
BRDA:387,19,0,0
BRDA:387,19,1,0
BRDA:387,20,0,0
BRDA:387,20,1,0
BRDA:369,21,0,0
BRDA:369,21,1,0
BRDA:398,22,0,0
BRDA:408,23,0,0
BRF:42
BRH:0
end_of_record
TN:
SF:components/modern-header.tsx
FN:21,ModernHeader
FN:26,(anonymous_5)
FN:85,(anonymous_6)
FN:111,(anonymous_7)
FNF:4
FNH:0
FNDA:0,ModernHeader
FNDA:0,(anonymous_5)
FNDA:0,(anonymous_6)
FNDA:0,(anonymous_7)
DA:3,0
DA:4,0
DA:5,0
DA:18,0
DA:19,0
DA:21,0
DA:22,0
DA:23,0
DA:24,0
DA:26,0
DA:27,0
DA:30,0
DA:31,0
DA:85,0
DA:111,0
LF:15
LH:0
BRDA:30,0,0,0
BRDA:85,1,0,0
BRDA:85,1,1,0
BRDA:113,2,0,0
BRDA:119,3,0,0
BRF:5
BRH:0
end_of_record
TN:
SF:components/theme-provider.tsx
FN:10,ThemeProvider
FNF:1
FNH:0
FNDA:0,ThemeProvider
DA:3,0
DA:4,0
DA:10,0
LF:3
LH:0
BRF:0
BRH:0
end_of_record
TN:
SF:components/theme-toggle.tsx
FN:8,ThemeToggle
FN:16,(anonymous_3)
FNF:2
FNH:2
FNDA:3,ThemeToggle
FNDA:1,(anonymous_3)
DA:3,1
DA:4,1
DA:5,1
DA:6,1
DA:8,3
DA:9,3
DA:10,3
DA:16,1
LF:8
LH:8
BRDA:16,0,0,0
BRDA:16,0,1,1
BRF:2
BRH:1
end_of_record
TN:
SF:components/user-menu.tsx
FN:9,decodeUsername
FN:20,UserMenu
FN:23,(anonymous_6)
FN:24,(anonymous_7)
FN:32,(anonymous_8)
FN:38,(anonymous_9)
FNF:6
FNH:0
FNDA:0,decodeUsername
FNDA:0,UserMenu
FNDA:0,(anonymous_6)
FNDA:0,(anonymous_7)
FNDA:0,(anonymous_8)
FNDA:0,(anonymous_9)
DA:3,0
DA:4,0
DA:5,0
DA:7,0
DA:10,0
DA:11,0
DA:12,0
DA:13,0
DA:14,0
DA:16,0
DA:20,0
DA:21,0
DA:23,0
DA:24,0
DA:25,0
DA:28,0
DA:29,0
DA:30,0
DA:32,0
DA:33,0
DA:34,0
DA:38,0
DA:39,0
DA:40,0
DA:41,0
DA:44,0
LF:26
LH:0
BRDA:10,0,0,0
BRDA:14,1,0,0
BRDA:14,1,1,0
BRDA:44,2,0,0
BRF:4
BRH:0
end_of_record
TN:
SF:components/ui/alert.tsx
FNF:0
FNH:0
DA:1,0
DA:2,0
DA:4,0
DA:6,0
DA:33,0
DA:45,0
DA:57,0
DA:59,0
LF:8
LH:0
BRF:0
BRH:0
end_of_record
TN:
SF:components/ui/badge.tsx
FN:30,Badge
FNF:1
FNH:0
FNDA:0,Badge
DA:1,0
DA:2,0
DA:4,0
DA:6,0
DA:36,0
LF:5
LH:0
BRF:0
BRH:0
end_of_record
TN:
SF:components/ui/button.tsx
FN:43,(anonymous_6)
FNF:1
FNH:1
FNDA:125,(anonymous_6)
DA:1,3
DA:2,3
DA:3,3
DA:5,3
DA:7,3
DA:42,3
DA:44,125
DA:54,3
DA:56,341
LF:9
LH:9
BRDA:43,0,0,124
BRDA:44,1,0,1
BRDA:44,1,1,124
BRF:3
BRH:3
end_of_record
TN:
SF:components/ui/card.tsx
FNF:0
FNH:0
DA:1,0
DA:3,0
DA:18,0
DA:30,0
DA:45,0
DA:57,0
DA:65,0
DA:77,0
DA:79,0
LF:9
LH:0
BRF:0
BRH:0
end_of_record
TN:
SF:components/ui/checkbox.tsx
FNF:0
FNH:0
DA:1,0
DA:2,0
DA:3,0
DA:5,0
DA:26,0
DA:28,0
LF:6
LH:0
BRF:0
BRH:0
end_of_record
TN:
SF:components/ui/input.tsx
FN:9,(anonymous_4)
FNF:1
FNH:1
FNDA:101,(anonymous_4)
DA:1,2
DA:3,2
DA:8,2
DA:23,2
DA:25,666
LF:5
LH:5
BRF:0
BRH:0
end_of_record
TN:
SF:components/ui/label.tsx
FNF:0
FNH:0
DA:1,1
DA:2,1
DA:3,1
DA:5,1
DA:7,1
DA:22,1
DA:24,990
LF:7
LH:7
BRF:0
BRH:0
end_of_record
TN:
SF:components/ui/progress.tsx
FNF:0
FNH:0
DA:1,0
DA:2,0
DA:4,0
DA:24,0
DA:26,0
LF:5
LH:0
BRDA:20,0,0,0
BRDA:20,0,1,0
BRF:2
BRH:0
end_of_record
TN:
SF:components/ui/scroll-area.tsx
FNF:0
FNH:0
DA:1,0
DA:2,0
DA:4,0
DA:22,0
DA:44,0
DA:46,0
LF:6
LH:0
BRDA:27,0,0,0
BRDA:33,1,0,0
BRDA:33,1,1,0
BRDA:35,2,0,0
BRDA:35,2,1,0
BRF:5
BRH:0
end_of_record
TN:
SF:components/ui/select.tsx
FNF:0
FNH:0
DA:1,0
DA:2,0
DA:3,0
DA:5,0
DA:7,0
DA:9,0
DA:11,0
DA:31,0
DA:48,0
DA:65,0
DA:98,0
DA:110,0
DA:133,0
DA:145,0
DA:148,0
DA:149,0
DA:150,0
DA:151,0
DA:152,0
DA:153,0
DA:154,0
DA:155,0
DA:156,0
DA:157,0
LF:24
LH:0
BRDA:71,0,0,0
BRDA:77,1,0,0
BRDA:77,1,1,0
BRDA:88,2,0,0
BRDA:88,2,1,0
BRF:5
BRH:0
end_of_record
TN:
SF:components/ui/separator.tsx
FNF:0
FNH:0
DA:1,0
DA:2,0
DA:4,0
DA:27,0
DA:29,0
LF:5
LH:0
BRDA:11,0,0,0
BRDA:11,1,0,0
BRDA:20,2,0,0
BRDA:20,2,1,0
BRF:4
BRH:0
end_of_record
TN:
SF:components/ui/tabs.tsx
FNF:0
FNH:0
DA:1,1
DA:2,1
DA:4,1
DA:6,1
DA:21,1
DA:36,1
DA:51,1
DA:53,330
LF:8
LH:8
BRF:0
BRH:0
end_of_record
TN:
SF:components/ui/textarea.tsx
FN:9,(anonymous_4)
FNF:1
FNH:1
FNDA:95,(anonymous_4)
DA:1,1
DA:3,1
DA:8,1
DA:22,1
DA:24,110
LF:5
LH:5
BRF:0
BRH:0
end_of_record
TN:
SF:lib/api.ts
FN:12,(anonymous_4)
FN:21,(anonymous_5)
FN:26,(anonymous_6)
FN:27,(anonymous_7)
FN:36,(anonymous_8)
FN:45,(anonymous_9)
FN:54,(anonymous_10)
FN:66,(anonymous_11)
FN:74,(anonymous_12)
FN:86,(anonymous_13)
FN:97,(anonymous_14)
FN:106,(anonymous_15)
FN:112,(anonymous_16)
FN:125,(anonymous_17)
FN:137,(anonymous_18)
FN:152,(anonymous_19)
FN:161,(anonymous_20)
FN:169,(anonymous_21)
FN:180,(anonymous_22)
FN:193,(anonymous_23)
FNF:20
FNH:9
FNDA:0,(anonymous_4)
FNDA:0,(anonymous_5)
FNDA:0,(anonymous_6)
FNDA:0,(anonymous_7)
FNDA:2,(anonymous_8)
FNDA:1,(anonymous_9)
FNDA:1,(anonymous_10)
FNDA:0,(anonymous_11)
FNDA:0,(anonymous_12)
FNDA:0,(anonymous_13)
FNDA:0,(anonymous_14)
FNDA:0,(anonymous_15)
FNDA:1,(anonymous_16)
FNDA:0,(anonymous_17)
FNDA:0,(anonymous_18)
FNDA:4,(anonymous_19)
FNDA:3,(anonymous_20)
FNDA:7,(anonymous_21)
FNDA:2,(anonymous_22)
FNDA:2,(anonymous_23)
DA:1,1
DA:5,1
DA:11,1
DA:13,0
DA:14,0
DA:15,0
DA:16,0
DA:19,0
DA:21,0
DA:25,1
DA:26,0
DA:28,0
DA:29,0
DA:34,5
DA:37,2
DA:38,2
DA:39,1
DA:41,1
DA:46,1
DA:47,1
DA:48,0
DA:50,1
DA:55,1
DA:56,1
DA:57,0
DA:59,1
DA:67,0
DA:68,0
DA:69,0
DA:75,0
DA:79,0
DA:80,0
DA:82,0
DA:87,0
DA:91,0
DA:92,0
DA:98,0
DA:99,0
DA:100,0
DA:102,0
DA:107,0
DA:108,0
DA:113,1
DA:118,1
DA:119,0
DA:121,1
DA:126,0
DA:130,0
DA:131,0
DA:133,0
DA:138,0
DA:142,0
DA:143,0
DA:145,0
DA:150,18
DA:153,4
DA:154,3
DA:155,3
DA:156,3
DA:157,3
DA:162,3
DA:163,2
DA:164,2
DA:165,2
DA:170,7
DA:171,2
DA:172,2
DA:173,1
DA:174,1
DA:175,1
DA:181,2
DA:183,2
DA:184,2
DA:185,2
DA:186,2
DA:187,2
DA:189,2
DA:194,2
DA:223,2
LF:79
LH:43
BRDA:6,0,0,1
BRDA:6,0,1,1
BRDA:13,1,0,0
BRDA:15,2,0,0
BRDA:38,3,0,1
BRDA:39,4,0,1
BRDA:39,4,1,0
BRDA:47,5,0,0
BRDA:48,6,0,0
BRDA:48,6,1,0
BRDA:56,7,0,0
BRDA:57,8,0,0
BRDA:57,8,1,0
BRDA:68,9,0,0
BRDA:69,10,0,0
BRDA:69,10,1,0
BRDA:74,11,0,0
BRDA:79,12,0,0
BRDA:80,13,0,0
BRDA:80,13,1,0
BRDA:91,14,0,0
BRDA:92,15,0,0
BRDA:92,15,1,0
BRDA:99,16,0,0
BRDA:100,17,0,0
BRDA:100,17,1,0
BRDA:112,18,0,1
BRDA:118,19,0,0
BRDA:119,20,0,0
BRDA:119,20,1,0
BRDA:121,21,0,1
BRDA:121,21,1,0
BRDA:125,22,0,0
BRDA:130,23,0,0
BRDA:131,24,0,0
BRDA:131,24,1,0
BRDA:137,25,0,0
BRDA:142,26,0,0
BRDA:143,27,0,0
BRDA:143,27,1,0
BRDA:145,28,0,0
BRDA:145,28,1,0
BRDA:153,29,0,1
BRDA:162,30,0,1
BRDA:170,31,0,2
BRDA:170,31,1,2
BRDA:170,31,2,1
BRDA:170,31,3,1
BRDA:170,31,4,1
BRDA:183,32,0,1
BRDA:184,33,0,1
BRDA:185,34,0,1
BRDA:186,35,0,1
BRDA:187,36,0,1
BRDA:193,37,0,0
BRF:55
BRH:18
end_of_record
TN:
SF:lib/utils.ts
FN:4,cn
FNF:1
FNH:1
FNDA:1324,cn
DA:1,5
DA:2,5
DA:4,1324
DA:5,1324
LF:4
LH:4
BRF:0
BRH:0
end_of_record
